SCIFOR VERSION (GIT): b5ac685a5f51c83924498a36c3085f55c6cd024c
Timestamp: + 6 April 2024  14:58:14.723
 
code VERSION: 70e2ed37f1bef2b38a963ad7c21048f123cb1fa2
Timestamp: + 6 April 2024  14:58:14.723
 
Init Local Fock space:
# of levels           =               1
Hilbert dim per spin  =               2              2
Fock space dimension  =               4
Number of sectors     =               4
--------------------------------------------
[41mWarning: DIAGONAL HAMILTONIAN OPERATORS only[0m
|0>|0>
|1>|0>
|0>|1>
|1>|1>
Using Hloc, shape=[  2,  2]
 0.00  0.00
 0.00  0.00

 
left; right=   1   1  |                                                 [1;92m=[0m[1;92m*[0m[1m|[0m[1;91m*[0m[1;91m-[0m                                                 |
Blocks Length (L-R) =            1           1
 Hij:
           2           2
 Hij:
           2           2
Total time [h:m:s.ms]:   0:00:00.003 :Enlarge blocks
  SuperBlock Length =            4
          Target_QN =    2.0000000   2.0000000
      Total         = 4.000000    
      Filling       = 1.000000    
      Filling/Norb  = 1.000000    
Total time [h:m:s.ms]:   0:00:00.000 :Get SB states
Enlarged Blocks dimensions           :          16          16
SuperBlock Dimension  (tot)          :          36(         256)  14.06250%
get H_sb:
 Hij:
           2           2
Total time [h:m:s.ms]:   0:00:00.001 :Done H_sb
Total time [h:m:s.ms]:   0:00:00.001 :Diag H_sb
Total time [h:m:s.ms]:   0:00:00.003 :Get Rho, U->Renormalize, Setup New Basis
Truncating                           :           F                       F
Truncation Dim                       :          16                      16
Truncation Errors                    :   1.332267629550188E-15   1.332267629550188E-15
Energies/N                           :      -1.118033988749896      -0.809016994374947
Total time [h:m:s.ms]:   0:00:00.007 :dmrg_step
 
left; right=   2   2  |                                                [1;92m=[0m[1;92m=[0m[1;92m*[0m[1m|[0m[1;91m*[0m[1;91m-[0m[1;91m-[0m                                                |
Blocks Length (L-R) =            2           2
 Hij:
           2           2
 Hij:
           2           2
Total time [h:m:s.ms]:   0:00:00.015 :Enlarge blocks
  SuperBlock Length =            6
          Target_QN =    3.0000000   3.0000000
      Total         = 6.000000    
      Filling       = 1.000000    
      Filling/Norb  = 1.000000    
Total time [h:m:s.ms]:   0:00:00.000 :Get SB states
Enlarged Blocks dimensions           :          64          64
SuperBlock Dimension  (tot)          :         400(        4096)   9.76562%
get H_sb:
 Hij:
           2           2
Total time [h:m:s.ms]:   0:00:00.011 :Done H_sb
Total time [h:m:s.ms]:   0:00:00.043 :Diag H_sb
Total time [h:m:s.ms]:   0:00:00.011 :Get Rho, U->Renormalize, Setup New Basis
Truncating                           :           F                       F
Truncation Dim                       :          64                      64
Truncation Errors                    :   0.000000000000000E+00  -4.440892098500626E-16
Energies/N                           :      -1.164653069144978      -1.016305779840770
Total time [h:m:s.ms]:   0:00:00.070 :dmrg_step
 
left; right=   3   3  |                                               [1;92m=[0m[1;92m=[0m[1;92m=[0m[1;92m*[0m[1m|[0m[1;91m*[0m[1;91m-[0m[1;91m-[0m[1;91m-[0m                                               |
Blocks Length (L-R) =            3           3
 Hij:
           2           2
 Hij:
           2           2
Total time [h:m:s.ms]:   0:00:00.034 :Enlarge blocks
  SuperBlock Length =            8
          Target_QN =    4.0000000   4.0000000
      Total         = 8.000000    
      Filling       = 1.000000    
      Filling/Norb  = 1.000000    
Total time [h:m:s.ms]:   0:00:00.001 :Get SB states
Enlarged Blocks dimensions           :         256         256
SuperBlock Dimension  (tot)          :        4900(       65536)   7.47681%
get H_sb:
Total time [h:m:s.ms]:   0:00:00.052 :Setup SuperBlock Direct
Total time [h:m:s.ms]:   0:00:00.053 :Done H_sb
Total time [h:m:s.ms]:   0:00:00.176 :Diag H_sb
Total time [h:m:s.ms]:   0:00:00.032 :Get Rho, U->Renormalize, Setup New Basis
Truncating                           :           T                       T
Truncation Dim                       :         110                     110
Truncation Errors                    :   3.861351238754196E-10   3.861350128531171E-10
Energies/N                           :      -1.189692620785909      -1.102868531952446
Total time [h:m:s.ms]:   0:00:00.251 :dmrg_step
 
left; right=   4   4  |                                              [1;92m=[0m[1;92m=[0m[1;92m=[0m[1;92m=[0m[1;92m*[0m[1m|[0m[1;91m*[0m[1;91m-[0m[1;91m-[0m[1;91m-[0m[1;91m-[0m                                              |
Blocks Length (L-R) =            4           4
 Hij:
           2           2
 Hij:
           2           2
Total time [h:m:s.ms]:   0:00:00.066 :Enlarge blocks
  SuperBlock Length =           10
          Target_QN =    5.0000000   5.0000000
      Total         = 10.00000    
      Filling       = 1.000000    
      Filling/Norb  = 1.000000    
Total time [h:m:s.ms]:   0:00:00.006 :Get SB states
Enlarged Blocks dimensions           :         440         440
SuperBlock Dimension  (tot)          :       12176(      193600)   6.28926%
get H_sb:
Total time [h:m:s.ms]:   0:00:00.179 :Setup SuperBlock Direct
Total time [h:m:s.ms]:   0:00:00.179 :Done H_sb
Total time [h:m:s.ms]:   0:00:00.743 :Diag H_sb
Total time [h:m:s.ms]:   0:00:00.073 :Get Rho, U->Renormalize, Setup New Basis
Truncating                           :           T                       T
Truncation Dim                       :         137                     137
Truncation Errors                    :   3.110659507754576E-09   3.110659729799181E-09
Energies/N                           :      -1.205100186807549      -1.147713046677100
Total time [h:m:s.ms]:   0:00:00.906 :dmrg_step
 
left; right=   5   5  |                                             [1;92m=[0m[1;92m=[0m[1;92m=[0m[1;92m=[0m[1;92m=[0m[1;92m*[0m[1m|[0m[1;91m*[0m[1;91m-[0m[1;91m-[0m[1;91m-[0m[1;91m-[0m[1;91m-[0m                                             |
Blocks Length (L-R) =            5           5
 Hij:
           2           2
 Hij:
           2           2
Total time [h:m:s.ms]:   0:00:00.096 :Enlarge blocks
  SuperBlock Length =           12
          Target_QN =    6.0000000   6.0000000
      Total         = 12.00000    
      Filling       = 1.000000    
      Filling/Norb  = 1.000000    
Total time [h:m:s.ms]:   0:00:00.014 :Get SB states
Enlarged Blocks dimensions           :         548         548
SuperBlock Dimension  (tot)          :       18182(      300304)   6.05453%
get H_sb:
Total time [h:m:s.ms]:   0:00:00.299 :Setup SuperBlock Direct
Total time [h:m:s.ms]:   0:00:00.299 :Done H_sb
Total time [h:m:s.ms]:   0:00:01.226 :Diag H_sb
Total time [h:m:s.ms]:   0:00:00.080 :Get Rho, U->Renormalize, Setup New Basis
Truncating                           :           T                       T
Truncation Dim                       :         106                     106
Truncation Errors                    :   2.852214842086198E-08   2.852214853188428E-08
Energies/N                           :      -1.215606877573504      -1.174235258506042
Total time [h:m:s.ms]:   0:00:01.442 :dmrg_step
 
left; right=   6   6  |                                            [1;92m=[0m[1;92m=[0m[1;92m=[0m[1;92m=[0m[1;92m=[0m[1;92m=[0m[1;92m*[0m[1m|[0m[1;91m*[0m[1;91m-[0m[1;91m-[0m[1;91m-[0m[1;91m-[0m[1;91m-[0m[1;91m-[0m                                            |
Blocks Length (L-R) =            6           6
 Hij:
           2           2
 Hij:
           2           2
Total time [h:m:s.ms]:   0:00:00.071 :Enlarge blocks
  SuperBlock Length =           14
          Target_QN =    7.0000000   7.0000000
      Total         = 14.00000    
      Filling       = 1.000000    
      Filling/Norb  = 1.000000    
Total time [h:m:s.ms]:   0:00:00.005 :Get SB states
Enlarged Blocks dimensions           :         424         424
SuperBlock Dimension  (tot)          :       11520(      179776)   6.40797%
get H_sb:
Total time [h:m:s.ms]:   0:00:00.164 :Setup SuperBlock Direct
Total time [h:m:s.ms]:   0:00:00.164 :Done H_sb
Total time [h:m:s.ms]:   0:00:00.719 :Diag H_sb
Total time [h:m:s.ms]:   0:00:00.056 :Get Rho, U->Renormalize, Setup New Basis
Truncating                           :           T                       T
Truncation Dim                       :         108                     108
Truncation Errors                    :   1.703849227263632E-07   1.703849229484078E-07
Energies/N                           :      -1.222611602903738      -1.191254939357234
Total time [h:m:s.ms]:   0:00:00.869 :dmrg_step
 
left; right=   7   7  |                                           [1;92m=[0m[1;92m=[0m[1;92m=[0m[1;92m=[0m[1;92m=[0m[1;92m=[0m[1;92m=[0m[1;92m*[0m[1m|[0m[1;91m*[0m[1;91m-[0m[1;91m-[0m[1;91m-[0m[1;91m-[0m[1;91m-[0m[1;91m-[0m[1;91m-[0m                                           |
Blocks Length (L-R) =            7           7
 Hij:
           2           2
 Hij:
           2           2
Total time [h:m:s.ms]:   0:00:00.068 :Enlarge blocks
  SuperBlock Length =           16
          Target_QN =    8.0000000   8.0000000
      Total         = 16.00000    
      Filling       = 1.000000    
      Filling/Norb  = 1.000000    
Total time [h:m:s.ms]:   0:00:00.006 :Get SB states
Enlarged Blocks dimensions           :         432         432
SuperBlock Dimension  (tot)          :       12164(      186624)   6.51792%
get H_sb:
Total time [h:m:s.ms]:   0:00:00.171 :Setup SuperBlock Direct
Total time [h:m:s.ms]:   0:00:00.171 :Done H_sb
Total time [h:m:s.ms]:   0:00:00.906 :Diag H_sb
Total time [h:m:s.ms]:   0:00:00.057 :Get Rho, U->Renormalize, Setup New Basis
Truncating                           :           T                       T
Truncation Dim                       :         104                     104
Truncation Errors                    :   1.281931388819046E-07   1.281931385488377E-07
Energies/N                           :      -1.227661798151817      -1.202810001191546
Total time [h:m:s.ms]:   0:00:01.055 :dmrg_step
 
left; right=   8   8  |                                          [1;92m=[0m[1;92m=[0m[1;92m=[0m[1;92m=[0m[1;92m=[0m[1;92m=[0m[1;92m=[0m[1;92m=[0m[1;92m*[0m[1m|[0m[1;91m*[0m[1;91m-[0m[1;91m-[0m[1;91m-[0m[1;91m-[0m[1;91m-[0m[1;91m-[0m[1;91m-[0m[1;91m-[0m                                          |
Blocks Length (L-R) =            8           8
 Hij:
           2           2
 Hij:
           2           2
Total time [h:m:s.ms]:   0:00:00.064 :Enlarge blocks
  SuperBlock Length =           18
          Target_QN =    9.0000000   9.0000000
      Total         = 18.00000    
      Filling       = 1.000000    
      Filling/Norb  = 1.000000    
Total time [h:m:s.ms]:   0:00:00.005 :Get SB states
Enlarged Blocks dimensions           :         416         416
SuperBlock Dimension  (tot)          :       11026(      173056)   6.37135%
get H_sb:
Total time [h:m:s.ms]:   0:00:00.157 :Setup SuperBlock Direct
Total time [h:m:s.ms]:   0:00:00.157 :Done H_sb
Total time [h:m:s.ms]:   0:00:00.771 :Diag H_sb
Total time [h:m:s.ms]:   0:00:00.056 :Get Rho, U->Renormalize, Setup New Basis
Truncating                           :           T                       T
Truncation Dim                       :         108                     108
Truncation Errors                    :   4.429342773670797E-07   4.429342772560574E-07
Energies/N                           :      -1.231536330427426      -1.211144475856760
Total time [h:m:s.ms]:   0:00:00.913 :dmrg_step
 
left; right=   9   9  |                                         [1;92m=[0m[1;92m=[0m[1;92m=[0m[1;92m=[0m[1;92m=[0m[1;92m=[0m[1;92m=[0m[1;92m=[0m[1;92m=[0m[1;92m*[0m[1m|[0m[1;91m*[0m[1;91m-[0m[1;91m-[0m[1;91m-[0m[1;91m-[0m[1;91m-[0m[1;91m-[0m[1;91m-[0m[1;91m-[0m[1;91m-[0m                                         |
Blocks Length (L-R) =            9           9
 Hij:
           2           2
 Hij:
           2           2
Total time [h:m:s.ms]:   0:00:00.068 :Enlarge blocks
  SuperBlock Length =           20
          Target_QN =   10.0000000  10.0000000
      Total         = 20.00000    
      Filling       = 1.000000    
      Filling/Norb  = 1.000000    
Total time [h:m:s.ms]:   0:00:00.006 :Get SB states
Enlarged Blocks dimensions           :         432         432
SuperBlock Dimension  (tot)          :       12164(      186624)   6.51792%
get H_sb:
Total time [h:m:s.ms]:   0:00:00.170 :Setup SuperBlock Direct
Total time [h:m:s.ms]:   0:00:00.170 :Done H_sb
Total time [h:m:s.ms]:   0:00:00.874 :Diag H_sb
Total time [h:m:s.ms]:   0:00:00.059 :Get Rho, U->Renormalize, Setup New Basis
Truncating                           :           T                       T
Truncation Dim                       :         102                     102
Truncation Errors                    :   3.168463345026851E-07   3.168463342806405E-07
Energies/N                           :      -1.234476521311469      -1.217330365536846
Total time [h:m:s.ms]:   0:00:01.026 :dmrg_step
 
left; right=  10  10  |                                        [1;92m=[0m[1;92m=[0m[1;92m=[0m[1;92m=[0m[1;92m=[0m[1;92m=[0m[1;92m=[0m[1;92m=[0m[1;92m=[0m[1;92m=[0m[1;92m*[0m[1m|[0m[1;91m*[0m[1;91m-[0m[1;91m-[0m[1;91m-[0m[1;91m-[0m[1;91m-[0m[1;91m-[0m[1;91m-[0m[1;91m-[0m[1;91m-[0m[1;91m-[0m                                        |
Blocks Length (L-R) =           10          10
 Hij:
           2           2
 Hij:
           2           2
Total time [h:m:s.ms]:   0:00:00.068 :Enlarge blocks
  SuperBlock Length =           22
          Target_QN =   11.0000000  11.0000000
      Total         = 22.00000    
      Filling       = 1.000000    
      Filling/Norb  = 1.000000    
Total time [h:m:s.ms]:   0:00:00.005 :Get SB states
Enlarged Blocks dimensions           :         408         408
SuperBlock Dimension  (tot)          :       10516(      166464)   6.31728%
get H_sb:
Total time [h:m:s.ms]:   0:00:00.152 :Setup SuperBlock Direct
Total time [h:m:s.ms]:   0:00:00.152 :Done H_sb
Total time [h:m:s.ms]:   0:00:00.762 :Diag H_sb
Total time [h:m:s.ms]:   0:00:00.054 :Get Rho, U->Renormalize, Setup New Basis
Truncating                           :           T                       T
Truncation Dim                       :         108                     108
Truncation Errors                    :   7.417452536628844E-07   7.417452532187951E-07
Energies/N                           :      -1.236834668576370      -1.222066515104298
Total time [h:m:s.ms]:   0:00:00.905 :dmrg_step
 
left; right=  11  11  |                                       [1;92m=[0m[1;92m=[0m[1;92m=[0m[1;92m=[0m[1;92m=[0m[1;92m=[0m[1;92m=[0m[1;92m=[0m[1;92m=[0m[1;92m=[0m[1;92m=[0m[1;92m*[0m[1m|[0m[1;91m*[0m[1;91m-[0m[1;91m-[0m[1;91m-[0m[1;91m-[0m[1;91m-[0m[1;91m-[0m[1;91m-[0m[1;91m-[0m[1;91m-[0m[1;91m-[0m[1;91m-[0m                                       |
Blocks Length (L-R) =           11          11
 Hij:
           2           2
 Hij:
           2           2
Total time [h:m:s.ms]:   0:00:00.070 :Enlarge blocks
  SuperBlock Length =           24
          Target_QN =   12.0000000  12.0000000
      Total         = 24.00000    
      Filling       = 1.000000    
      Filling/Norb  = 1.000000    
Total time [h:m:s.ms]:   0:00:00.007 :Get SB states
Enlarged Blocks dimensions           :         432         432
SuperBlock Dimension  (tot)          :       12164(      186624)   6.51792%
get H_sb:
Total time [h:m:s.ms]:   0:00:00.172 :Setup SuperBlock Direct
Total time [h:m:s.ms]:   0:00:00.172 :Done H_sb
Total time [h:m:s.ms]:   0:00:00.969 :Diag H_sb
Total time [h:m:s.ms]:   0:00:00.056 :Get Rho, U->Renormalize, Setup New Basis
Truncating                           :           T                       T
Truncation Dim                       :         102                     102
Truncation Errors                    :   4.957515603587481E-07   4.957515601367035E-07
Energies/N                           :      -1.238727555468842      -1.225828045092157
Total time [h:m:s.ms]:   0:00:01.120 :dmrg_step
 
left; right=  12  12  |                                      [1;92m=[0m[1;92m=[0m[1;92m=[0m[1;92m=[0m[1;92m=[0m[1;92m=[0m[1;92m=[0m[1;92m=[0m[1;92m=[0m[1;92m=[0m[1;92m=[0m[1;92m=[0m[1;92m*[0m[1m|[0m[1;91m*[0m[1;91m-[0m[1;91m-[0m[1;91m-[0m[1;91m-[0m[1;91m-[0m[1;91m-[0m[1;91m-[0m[1;91m-[0m[1;91m-[0m[1;91m-[0m[1;91m-[0m[1;91m-[0m                                      |
Blocks Length (L-R) =           12          12
 Hij:
           2           2
 Hij:
           2           2
Total time [h:m:s.ms]:   0:00:00.063 :Enlarge blocks
  SuperBlock Length =           26
          Target_QN =   13.0000000  13.0000000
      Total         = 26.00000    
      Filling       = 1.000000    
      Filling/Norb  = 1.000000    
Total time [h:m:s.ms]:   0:00:00.005 :Get SB states
Enlarged Blocks dimensions           :         408         408
SuperBlock Dimension  (tot)          :       10516(      166464)   6.31728%
get H_sb:
Total time [h:m:s.ms]:   0:00:00.150 :Setup SuperBlock Direct
Total time [h:m:s.ms]:   0:00:00.150 :Done H_sb
Total time [h:m:s.ms]:   0:00:00.739 :Diag H_sb
Total time [h:m:s.ms]:   0:00:00.055 :Get Rho, U->Renormalize, Setup New Basis
Truncating                           :           T                       T
Truncation Dim                       :         112                     112
Truncation Errors                    :   8.665974202681781E-07   8.665974206012450E-07
Energies/N                           :      -1.240322978195442      -1.228850796195327
Total time [h:m:s.ms]:   0:00:00.878 :dmrg_step
 
left; right=  13  13  |                                     [1;92m=[0m[1;92m=[0m[1;92m=[0m[1;92m=[0m[1;92m=[0m[1;92m=[0m[1;92m=[0m[1;92m=[0m[1;92m=[0m[1;92m=[0m[1;92m=[0m[1;92m=[0m[1;92m=[0m[1;92m*[0m[1m|[0m[1;91m*[0m[1;91m-[0m[1;91m-[0m[1;91m-[0m[1;91m-[0m[1;91m-[0m[1;91m-[0m[1;91m-[0m[1;91m-[0m[1;91m-[0m[1;91m-[0m[1;91m-[0m[1;91m-[0m[1;91m-[0m                                     |
Blocks Length (L-R) =           13          13
 Hij:
           2           2
 Hij:
           2           2
Total time [h:m:s.ms]:   0:00:00.071 :Enlarge blocks
  SuperBlock Length =           28
          Target_QN =   14.0000000  14.0000000
      Total         = 28.00000    
      Filling       = 1.000000    
      Filling/Norb  = 1.000000    
Total time [h:m:s.ms]:   0:00:00.007 :Get SB states
Enlarged Blocks dimensions           :         448         448
SuperBlock Dimension  (tot)          :       12526(      200704)   6.24103%
get H_sb:
Total time [h:m:s.ms]:   0:00:00.192 :Setup SuperBlock Direct
Total time [h:m:s.ms]:   0:00:00.192 :Done H_sb
Total time [h:m:s.ms]:   0:00:00.986 :Diag H_sb
Total time [h:m:s.ms]:   0:00:00.058 :Get Rho, U->Renormalize, Setup New Basis
Truncating                           :           T                       T
Truncation Dim                       :         102                     102
Truncation Errors                    :   6.508133123528381E-07   6.508133129079496E-07
Energies/N                           :      -1.241635184354729      -1.231357728427066
Total time [h:m:s.ms]:   0:00:01.142 :dmrg_step
 
left; right=  14  14  |                                    [1;92m=[0m[1;92m=[0m[1;92m=[0m[1;92m=[0m[1;92m=[0m[1;92m=[0m[1;92m=[0m[1;92m=[0m[1;92m=[0m[1;92m=[0m[1;92m=[0m[1;92m=[0m[1;92m=[0m[1;92m=[0m[1;92m*[0m[1m|[0m[1;91m*[0m[1;91m-[0m[1;91m-[0m[1;91m-[0m[1;91m-[0m[1;91m-[0m[1;91m-[0m[1;91m-[0m[1;91m-[0m[1;91m-[0m[1;91m-[0m[1;91m-[0m[1;91m-[0m[1;91m-[0m[1;91m-[0m                                    |
Blocks Length (L-R) =           14          14
 Hij:
           2           2
 Hij:
           2           2
Total time [h:m:s.ms]:   0:00:00.060 :Enlarge blocks
  SuperBlock Length =           30
          Target_QN =   15.0000000  15.0000000
      Total         = 30.00000    
      Filling       = 1.000000    
      Filling/Norb  = 1.000000    
Total time [h:m:s.ms]:   0:00:00.005 :Get SB states
Enlarged Blocks dimensions           :         408         408
SuperBlock Dimension  (tot)          :       10516(      166464)   6.31728%
get H_sb:
Total time [h:m:s.ms]:   0:00:00.150 :Setup SuperBlock Direct
Total time [h:m:s.ms]:   0:00:00.150 :Done H_sb
Total time [h:m:s.ms]:   0:00:00.764 :Diag H_sb
Total time [h:m:s.ms]:   0:00:00.060 :Get Rho, U->Renormalize, Setup New Basis
Truncating                           :           T                       T
Truncation Dim                       :         118                     118
Truncation Errors                    :   7.801017182229586E-07   7.801017185560255E-07
Energies/N                           :      -1.242784407526987      -1.233439444634095
Total time [h:m:s.ms]:   0:00:00.904 :dmrg_step
 
left; right=  15  15  |                                   [1;92m=[0m[1;92m=[0m[1;92m=[0m[1;92m=[0m[1;92m=[0m[1;92m=[0m[1;92m=[0m[1;92m=[0m[1;92m=[0m[1;92m=[0m[1;92m=[0m[1;92m=[0m[1;92m=[0m[1;92m=[0m[1;92m=[0m[1;92m*[0m[1m|[0m[1;91m*[0m[1;91m-[0m[1;91m-[0m[1;91m-[0m[1;91m-[0m[1;91m-[0m[1;91m-[0m[1;91m-[0m[1;91m-[0m[1;91m-[0m[1;91m-[0m[1;91m-[0m[1;91m-[0m[1;91m-[0m[1;91m-[0m[1;91m-[0m                                   |
Blocks Length (L-R) =           15          15
 Hij:
           2           2
 Hij:
           2           2
Total time [h:m:s.ms]:   0:00:00.076 :Enlarge blocks
  SuperBlock Length =           32
          Target_QN =   16.0000000  16.0000000
      Total         = 32.00000    
      Filling       = 1.000000    
      Filling/Norb  = 1.000000    
Total time [h:m:s.ms]:   0:00:00.007 :Get SB states
Enlarged Blocks dimensions           :         472         472
SuperBlock Dimension  (tot)          :       13318(      222784)   5.97799%
get H_sb:
Total time [h:m:s.ms]:   0:00:00.218 :Setup SuperBlock Direct
Total time [h:m:s.ms]:   0:00:00.218 :Done H_sb
Total time [h:m:s.ms]:   0:00:01.128 :Diag H_sb
Total time [h:m:s.ms]:   0:00:00.062 :Get Rho, U->Renormalize, Setup New Basis
Truncating                           :           T                       T
Truncation Dim                       :         104                     104
Truncation Errors                    :   7.351600922467227E-07   7.351600920246781E-07
Energies/N                           :      -1.243757550942113      -1.235255703134207
Total time [h:m:s.ms]:   0:00:01.294 :dmrg_step
 
left; right=  16  16  |                                  [1;92m=[0m[1;92m=[0m[1;92m=[0m[1;92m=[0m[1;92m=[0m[1;92m=[0m[1;92m=[0m[1;92m=[0m[1;92m=[0m[1;92m=[0m[1;92m=[0m[1;92m=[0m[1;92m=[0m[1;92m=[0m[1;92m=[0m[1;92m=[0m[1;92m*[0m[1m|[0m[1;91m*[0m[1;91m-[0m[1;91m-[0m[1;91m-[0m[1;91m-[0m[1;91m-[0m[1;91m-[0m[1;91m-[0m[1;91m-[0m[1;91m-[0m[1;91m-[0m[1;91m-[0m[1;91m-[0m[1;91m-[0m[1;91m-[0m[1;91m-[0m[1;91m-[0m                                  |
Blocks Length (L-R) =           16          16
 Hij:
           2           2
 Hij:
           2           2
Total time [h:m:s.ms]:   0:00:00.062 :Enlarge blocks
  SuperBlock Length =           34
          Target_QN =   17.0000000  17.0000000
      Total         = 34.00000    
      Filling       = 1.000000    
      Filling/Norb  = 1.000000    
Total time [h:m:s.ms]:   0:00:00.005 :Get SB states
Enlarged Blocks dimensions           :         416         416
SuperBlock Dimension  (tot)          :       10650(      173056)   6.15408%
get H_sb:
Total time [h:m:s.ms]:   0:00:00.154 :Setup SuperBlock Direct
Total time [h:m:s.ms]:   0:00:00.154 :Done H_sb
Total time [h:m:s.ms]:   0:00:00.850 :Diag H_sb
Total time [h:m:s.ms]:   0:00:00.054 :Get Rho, U->Renormalize, Setup New Basis
Truncating                           :           T                       T
Truncation Dim                       :         104                     104
Truncation Errors                    :   1.680672850001841E-06   1.680672850223885E-06
Energies/N                           :      -1.244625175547050      -1.236763083917188
Total time [h:m:s.ms]:   0:00:00.987 :dmrg_step
 
left; right=  17  17  |                                 [1;92m=[0m[1;92m=[0m[1;92m=[0m[1;92m=[0m[1;92m=[0m[1;92m=[0m[1;92m=[0m[1;92m=[0m[1;92m=[0m[1;92m=[0m[1;92m=[0m[1;92m=[0m[1;92m=[0m[1;92m=[0m[1;92m=[0m[1;92m=[0m[1;92m=[0m[1;92m*[0m[1m|[0m[1;91m*[0m[1;91m-[0m[1;91m-[0m[1;91m-[0m[1;91m-[0m[1;91m-[0m[1;91m-[0m[1;91m-[0m[1;91m-[0m[1;91m-[0m[1;91m-[0m[1;91m-[0m[1;91m-[0m[1;91m-[0m[1;91m-[0m[1;91m-[0m[1;91m-[0m[1;91m-[0m                                 |
Blocks Length (L-R) =           17          17
 Hij:
           2           2
 Hij:
           2           2
Total time [h:m:s.ms]:   0:00:00.070 :Enlarge blocks
  SuperBlock Length =           36
          Target_QN =   18.0000000  18.0000000
      Total         = 36.00000    
      Filling       = 1.000000    
      Filling/Norb  = 1.000000    
Total time [h:m:s.ms]:   0:00:00.005 :Get SB states
Enlarged Blocks dimensions           :         416         416
SuperBlock Dimension  (tot)          :       11304(      173056)   6.53199%
get H_sb:
Total time [h:m:s.ms]:   0:00:00.159 :Setup SuperBlock Direct
Total time [h:m:s.ms]:   0:00:00.159 :Done H_sb
Total time [h:m:s.ms]:   0:00:00.843 :Diag H_sb
Total time [h:m:s.ms]:   0:00:00.055 :Get Rho, U->Renormalize, Setup New Basis
Truncating                           :           T                       T
Truncation Dim                       :         104                     104
Truncation Errors                    :   7.628591350838931E-07   7.628591354169600E-07
Energies/N                           :      -1.245112539969768      -1.237896511528273
Total time [h:m:s.ms]:   0:00:00.990 :dmrg_step
 
left; right=  18  18  |                                [1;92m=[0m[1;92m=[0m[1;92m=[0m[1;92m=[0m[1;92m=[0m[1;92m=[0m[1;92m=[0m[1;92m=[0m[1;92m=[0m[1;92m=[0m[1;92m=[0m[1;92m=[0m[1;92m=[0m[1;92m=[0m[1;92m=[0m[1;92m=[0m[1;92m=[0m[1;92m=[0m[1;92m*[0m[1m|[0m[1;91m*[0m[1;91m-[0m[1;91m-[0m[1;91m-[0m[1;91m-[0m[1;91m-[0m[1;91m-[0m[1;91m-[0m[1;91m-[0m[1;91m-[0m[1;91m-[0m[1;91m-[0m[1;91m-[0m[1;91m-[0m[1;91m-[0m[1;91m-[0m[1;91m-[0m[1;91m-[0m[1;91m-[0m                                |
Blocks Length (L-R) =           18          18
 Hij:
           2           2
 Hij:
           2           2
Total time [h:m:s.ms]:   0:00:00.064 :Enlarge blocks
  SuperBlock Length =           38
          Target_QN =   19.0000000  19.0000000
      Total         = 38.00000    
      Filling       = 1.000000    
      Filling/Norb  = 1.000000    
Total time [h:m:s.ms]:   0:00:00.005 :Get SB states
Enlarged Blocks dimensions           :         416         416
SuperBlock Dimension  (tot)          :       10650(      173056)   6.15408%
get H_sb:
Total time [h:m:s.ms]:   0:00:00.153 :Setup SuperBlock Direct
Total time [h:m:s.ms]:   0:00:00.153 :Done H_sb
Total time [h:m:s.ms]:   0:00:00.823 :Diag H_sb
Total time [h:m:s.ms]:   0:00:00.056 :Get Rho, U->Renormalize, Setup New Basis
Truncating                           :           T                       T
Truncation Dim                       :         109                     109
Truncation Errors                    :   1.465569394620836E-06   1.465569394065724E-06
Energies/N                           :      -1.245820987894431      -1.239048467839661
Total time [h:m:s.ms]:   0:00:00.964 :dmrg_step
 
left; right=  19  19  |                               [1;92m=[0m[1;92m=[0m[1;92m=[0m[1;92m=[0m[1;92m=[0m[1;92m=[0m[1;92m=[0m[1;92m=[0m[1;92m=[0m[1;92m=[0m[1;92m=[0m[1;92m=[0m[1;92m=[0m[1;92m=[0m[1;92m=[0m[1;92m=[0m[1;92m=[0m[1;92m=[0m[1;92m=[0m[1;92m*[0m[1m|[0m[1;91m*[0m[1;91m-[0m[1;91m-[0m[1;91m-[0m[1;91m-[0m[1;91m-[0m[1;91m-[0m[1;91m-[0m[1;91m-[0m[1;91m-[0m[1;91m-[0m[1;91m-[0m[1;91m-[0m[1;91m-[0m[1;91m-[0m[1;91m-[0m[1;91m-[0m[1;91m-[0m[1;91m-[0m[1;91m-[0m                               |
Blocks Length (L-R) =           19          19
 Hij:
           2           2
 Hij:
           2           2
Total time [h:m:s.ms]:   0:00:00.076 :Enlarge blocks
  SuperBlock Length =           40
          Target_QN =   20.0000000  20.0000000
      Total         = 40.00000    
      Filling       = 1.000000    
      Filling/Norb  = 1.000000    
Total time [h:m:s.ms]:   0:00:00.006 :Get SB states
Enlarged Blocks dimensions           :         436         436
SuperBlock Dimension  (tot)          :       12276(      190096)   6.45779%
get H_sb:
Total time [h:m:s.ms]:   0:00:00.172 :Setup SuperBlock Direct
Total time [h:m:s.ms]:   0:00:00.172 :Done H_sb
Total time [h:m:s.ms]:   0:00:00.955 :Diag H_sb
Total time [h:m:s.ms]:   0:00:00.056 :Get Rho, U->Renormalize, Setup New Basis
Truncating                           :           T                       T
Truncation Dim                       :         104                     104
Truncation Errors                    :   8.527887467302264E-07   8.527887469522710E-07
Energies/N                           :      -1.246207017663546      -1.239934039419623
Total time [h:m:s.ms]:   0:00:01.111 :dmrg_step
 
left; right=  20  20  |                              [1;92m=[0m[1;92m=[0m[1;92m=[0m[1;92m=[0m[1;92m=[0m[1;92m=[0m[1;92m=[0m[1;92m=[0m[1;92m=[0m[1;92m=[0m[1;92m=[0m[1;92m=[0m[1;92m=[0m[1;92m=[0m[1;92m=[0m[1;92m=[0m[1;92m=[0m[1;92m=[0m[1;92m=[0m[1;92m=[0m[1;92m*[0m[1m|[0m[1;91m*[0m[1;91m-[0m[1;91m-[0m[1;91m-[0m[1;91m-[0m[1;91m-[0m[1;91m-[0m[1;91m-[0m[1;91m-[0m[1;91m-[0m[1;91m-[0m[1;91m-[0m[1;91m-[0m[1;91m-[0m[1;91m-[0m[1;91m-[0m[1;91m-[0m[1;91m-[0m[1;91m-[0m[1;91m-[0m[1;91m-[0m                              |
Blocks Length (L-R) =           20          20
 Hij:
           2           2
 Hij:
           2           2
Total time [h:m:s.ms]:   0:00:00.072 :Enlarge blocks
  SuperBlock Length =           42
          Target_QN =   21.0000000  21.0000000
      Total         = 42.00000    
      Filling       = 1.000000    
      Filling/Norb  = 1.000000    
Total time [h:m:s.ms]:   0:00:00.006 :Get SB states
Enlarged Blocks dimensions           :         416         416
SuperBlock Dimension  (tot)          :       11006(      173056)   6.35979%
get H_sb:
Total time [h:m:s.ms]:   0:00:00.159 :Setup SuperBlock Direct
Total time [h:m:s.ms]:   0:00:00.159 :Done H_sb
Total time [h:m:s.ms]:   0:00:00.813 :Diag H_sb
Total time [h:m:s.ms]:   0:00:00.055 :Get Rho, U->Renormalize, Setup New Basis
Truncating                           :           T                       T
Truncation Dim                       :         104                     104
Truncation Errors                    :   1.809152144760517E-06   1.809152144982562E-06
Energies/N                           :      -1.246792512455169      -1.240844410916785
Total time [h:m:s.ms]:   0:00:00.962 :dmrg_step
 
left; right=  21  21  |                             [1;92m=[0m[1;92m=[0m[1;92m=[0m[1;92m=[0m[1;92m=[0m[1;92m=[0m[1;92m=[0m[1;92m=[0m[1;92m=[0m[1;92m=[0m[1;92m=[0m[1;92m=[0m[1;92m=[0m[1;92m=[0m[1;92m=[0m[1;92m=[0m[1;92m=[0m[1;92m=[0m[1;92m=[0m[1;92m=[0m[1;92m=[0m[1;92m*[0m[1m|[0m[1;91m*[0m[1;91m-[0m[1;91m-[0m[1;91m-[0m[1;91m-[0m[1;91m-[0m[1;91m-[0m[1;91m-[0m[1;91m-[0m[1;91m-[0m[1;91m-[0m[1;91m-[0m[1;91m-[0m[1;91m-[0m[1;91m-[0m[1;91m-[0m[1;91m-[0m[1;91m-[0m[1;91m-[0m[1;91m-[0m[1;91m-[0m[1;91m-[0m                             |
Blocks Length (L-R) =           21          21
 Hij:
           2           2
 Hij:
           2           2
Total time [h:m:s.ms]:   0:00:00.069 :Enlarge blocks
  SuperBlock Length =           44
          Target_QN =   22.0000000  22.0000000
      Total         = 44.00000    
      Filling       = 1.000000    
      Filling/Norb  = 1.000000    
Total time [h:m:s.ms]:   0:00:00.006 :Get SB states
Enlarged Blocks dimensions           :         416         416
SuperBlock Dimension  (tot)          :       11374(      173056)   6.57244%
get H_sb:
Total time [h:m:s.ms]:   0:00:00.161 :Setup SuperBlock Direct
Total time [h:m:s.ms]:   0:00:00.161 :Done H_sb
Total time [h:m:s.ms]:   0:00:00.866 :Diag H_sb
Total time [h:m:s.ms]:   0:00:00.054 :Get Rho, U->Renormalize, Setup New Basis
Truncating                           :           T                       T
Truncation Dim                       :         100                     100
Truncation Errors                    :   1.004589232134201E-06   1.004589232023179E-06
Energies/N                           :      -1.247078431389303      -1.241479975633092
Total time [h:m:s.ms]:   0:00:01.012 :dmrg_step
 
left; right=  22  22  |                            [1;92m=[0m[1;92m=[0m[1;92m=[0m[1;92m=[0m[1;92m=[0m[1;92m=[0m[1;92m=[0m[1;92m=[0m[1;92m=[0m[1;92m=[0m[1;92m=[0m[1;92m=[0m[1;92m=[0m[1;92m=[0m[1;92m=[0m[1;92m=[0m[1;92m=[0m[1;92m=[0m[1;92m=[0m[1;92m=[0m[1;92m=[0m[1;92m=[0m[1;92m*[0m[1m|[0m[1;91m*[0m[1;91m-[0m[1;91m-[0m[1;91m-[0m[1;91m-[0m[1;91m-[0m[1;91m-[0m[1;91m-[0m[1;91m-[0m[1;91m-[0m[1;91m-[0m[1;91m-[0m[1;91m-[0m[1;91m-[0m[1;91m-[0m[1;91m-[0m[1;91m-[0m[1;91m-[0m[1;91m-[0m[1;91m-[0m[1;91m-[0m[1;91m-[0m[1;91m-[0m                            |
Blocks Length (L-R) =           22          22
 Hij:
           2           2
 Hij:
           2           2
Total time [h:m:s.ms]:   0:00:00.065 :Enlarge blocks
  SuperBlock Length =           46
          Target_QN =   23.0000000  23.0000000
      Total         = 46.00000    
      Filling       = 1.000000    
      Filling/Norb  = 1.000000    
Total time [h:m:s.ms]:   0:00:00.005 :Get SB states
Enlarged Blocks dimensions           :         400         400
SuperBlock Dimension  (tot)          :       10380(      160000)   6.48750%
get H_sb:
Total time [h:m:s.ms]:   0:00:00.150 :Setup SuperBlock Direct
Total time [h:m:s.ms]:   0:00:00.150 :Done H_sb
Total time [h:m:s.ms]:   0:00:00.788 :Diag H_sb
Total time [h:m:s.ms]:   0:00:00.053 :Get Rho, U->Renormalize, Setup New Basis
Truncating                           :           T                       T
Truncation Dim                       :         102                     102
Truncation Errors                    :   1.884333607593547E-06   1.884333607593547E-06
Energies/N                           :      -1.247588730244944      -1.242240123309190
Total time [h:m:s.ms]:   0:00:00.926 :dmrg_step
 
left; right=  23  23  |                           [1;92m=[0m[1;92m=[0m[1;92m=[0m[1;92m=[0m[1;92m=[0m[1;92m=[0m[1;92m=[0m[1;92m=[0m[1;92m=[0m[1;92m=[0m[1;92m=[0m[1;92m=[0m[1;92m=[0m[1;92m=[0m[1;92m=[0m[1;92m=[0m[1;92m=[0m[1;92m=[0m[1;92m=[0m[1;92m=[0m[1;92m=[0m[1;92m=[0m[1;92m=[0m[1;92m*[0m[1m|[0m[1;91m*[0m[1;91m-[0m[1;91m-[0m[1;91m-[0m[1;91m-[0m[1;91m-[0m[1;91m-[0m[1;91m-[0m[1;91m-[0m[1;91m-[0m[1;91m-[0m[1;91m-[0m[1;91m-[0m[1;91m-[0m[1;91m-[0m[1;91m-[0m[1;91m-[0m[1;91m-[0m[1;91m-[0m[1;91m-[0m[1;91m-[0m[1;91m-[0m[1;91m-[0m[1;91m-[0m                           |
Blocks Length (L-R) =           23          23
 Hij:
           2           2
 Hij:
           2           2
Total time [h:m:s.ms]:   0:00:00.068 :Enlarge blocks
  SuperBlock Length =           48
          Target_QN =   24.0000000  24.0000000
      Total         = 48.00000    
      Filling       = 1.000000    
      Filling/Norb  = 1.000000    
Total time [h:m:s.ms]:   0:00:00.006 :Get SB states
Enlarged Blocks dimensions           :         408         408
SuperBlock Dimension  (tot)          :       10904(      166464)   6.55037%
get H_sb:
Total time [h:m:s.ms]:   0:00:00.158 :Setup SuperBlock Direct
Total time [h:m:s.ms]:   0:00:00.158 :Done H_sb
Total time [h:m:s.ms]:   0:00:00.862 :Diag H_sb
Total time [h:m:s.ms]:   0:00:00.053 :Get Rho, U->Renormalize, Setup New Basis
Truncating                           :           T                       T
Truncation Dim                       :         102                     102
Truncation Errors                    :   8.699550106960885E-07   8.699550112512000E-07
Energies/N                           :      -1.247798260363576      -1.242731366524385
Total time [h:m:s.ms]:   0:00:01.005 :dmrg_step
 
left; right=  24  24  |                          [1;92m=[0m[1;92m=[0m[1;92m=[0m[1;92m=[0m[1;92m=[0m[1;92m=[0m[1;92m=[0m[1;92m=[0m[1;92m=[0m[1;92m=[0m[1;92m=[0m[1;92m=[0m[1;92m=[0m[1;92m=[0m[1;92m=[0m[1;92m=[0m[1;92m=[0m[1;92m=[0m[1;92m=[0m[1;92m=[0m[1;92m=[0m[1;92m=[0m[1;92m=[0m[1;92m=[0m[1;92m*[0m[1m|[0m[1;91m*[0m[1;91m-[0m[1;91m-[0m[1;91m-[0m[1;91m-[0m[1;91m-[0m[1;91m-[0m[1;91m-[0m[1;91m-[0m[1;91m-[0m[1;91m-[0m[1;91m-[0m[1;91m-[0m[1;91m-[0m[1;91m-[0m[1;91m-[0m[1;91m-[0m[1;91m-[0m[1;91m-[0m[1;91m-[0m[1;91m-[0m[1;91m-[0m[1;91m-[0m[1;91m-[0m[1;91m-[0m                          |
Blocks Length (L-R) =           24          24
 Hij:
           2           2
 Hij:
           2           2
Total time [h:m:s.ms]:   0:00:00.068 :Enlarge blocks
  SuperBlock Length =           50
          Target_QN =   25.0000000  25.0000000
      Total         = 50.00000    
      Filling       = 1.000000    
      Filling/Norb  = 1.000000    
Total time [h:m:s.ms]:   0:00:00.005 :Get SB states
Enlarged Blocks dimensions           :         408         408
SuperBlock Dimension  (tot)          :       10890(      166464)   6.54196%
get H_sb:
Total time [h:m:s.ms]:   0:00:00.162 :Setup SuperBlock Direct
Total time [h:m:s.ms]:   0:00:00.162 :Done H_sb
Total time [h:m:s.ms]:   0:00:00.843 :Diag H_sb
Total time [h:m:s.ms]:   0:00:00.053 :Get Rho, U->Renormalize, Setup New Basis
Truncating                           :           T                       T
Truncation Dim                       :         104                     104
Truncation Errors                    :   1.788905604316327E-06   1.788905604205304E-06
Energies/N                           :      -1.248271479158644      -1.243442134954039
Total time [h:m:s.ms]:   0:00:00.985 :dmrg_step
 
left; right=  25  25  |                         [1;92m=[0m[1;92m=[0m[1;92m=[0m[1;92m=[0m[1;92m=[0m[1;92m=[0m[1;92m=[0m[1;92m=[0m[1;92m=[0m[1;92m=[0m[1;92m=[0m[1;92m=[0m[1;92m=[0m[1;92m=[0m[1;92m=[0m[1;92m=[0m[1;92m=[0m[1;92m=[0m[1;92m=[0m[1;92m=[0m[1;92m=[0m[1;92m=[0m[1;92m=[0m[1;92m=[0m[1;92m=[0m[1;92m*[0m[1m|[0m[1;91m*[0m[1;91m-[0m[1;91m-[0m[1;91m-[0m[1;91m-[0m[1;91m-[0m[1;91m-[0m[1;91m-[0m[1;91m-[0m[1;91m-[0m[1;91m-[0m[1;91m-[0m[1;91m-[0m[1;91m-[0m[1;91m-[0m[1;91m-[0m[1;91m-[0m[1;91m-[0m[1;91m-[0m[1;91m-[0m[1;91m-[0m[1;91m-[0m[1;91m-[0m[1;91m-[0m[1;91m-[0m[1;91m-[0m                         |
Blocks Length (L-R) =           25          25
 Hij:
           2           2
 Hij:
           2           2
Total time [h:m:s.ms]:   0:00:00.065 :Enlarge blocks
  SuperBlock Length =           52
          Target_QN =   26.0000000  26.0000000
      Total         = 52.00000    
      Filling       = 1.000000    
      Filling/Norb  = 1.000000    
Total time [h:m:s.ms]:   0:00:00.006 :Get SB states
Enlarged Blocks dimensions           :         416         416
SuperBlock Dimension  (tot)          :       11274(      173056)   6.51465%
get H_sb:
Total time [h:m:s.ms]:   0:00:00.159 :Setup SuperBlock Direct
Total time [h:m:s.ms]:   0:00:00.159 :Done H_sb
Total time [h:m:s.ms]:   0:00:00.913 :Diag H_sb
Total time [h:m:s.ms]:   0:00:00.053 :Get Rho, U->Renormalize, Setup New Basis
Truncating                           :           T                       T
Truncation Dim                       :         100                     100
Truncation Errors                    :   1.021721824034927E-06   1.021721823035726E-06
Energies/N                           :      -1.248414632972835      -1.243800793588928
Total time [h:m:s.ms]:   0:00:01.053 :dmrg_step
 
left; right=  26  26  |                        [1;92m=[0m[1;92m=[0m[1;92m=[0m[1;92m=[0m[1;92m=[0m[1;92m=[0m[1;92m=[0m[1;92m=[0m[1;92m=[0m[1;92m=[0m[1;92m=[0m[1;92m=[0m[1;92m=[0m[1;92m=[0m[1;92m=[0m[1;92m=[0m[1;92m=[0m[1;92m=[0m[1;92m=[0m[1;92m=[0m[1;92m=[0m[1;92m=[0m[1;92m=[0m[1;92m=[0m[1;92m=[0m[1;92m=[0m[1;92m*[0m[1m|[0m[1;91m*[0m[1;91m-[0m[1;91m-[0m[1;91m-[0m[1;91m-[0m[1;91m-[0m[1;91m-[0m[1;91m-[0m[1;91m-[0m[1;91m-[0m[1;91m-[0m[1;91m-[0m[1;91m-[0m[1;91m-[0m[1;91m-[0m[1;91m-[0m[1;91m-[0m[1;91m-[0m[1;91m-[0m[1;91m-[0m[1;91m-[0m[1;91m-[0m[1;91m-[0m[1;91m-[0m[1;91m-[0m[1;91m-[0m[1;91m-[0m                        |
Blocks Length (L-R) =           26          26
 Hij:
           2           2
 Hij:
           2           2
Total time [h:m:s.ms]:   0:00:00.082 :Enlarge blocks
  SuperBlock Length =           54
          Target_QN =   27.0000000  27.0000000
      Total         = 54.00000    
      Filling       = 1.000000    
      Filling/Norb  = 1.000000    
Total time [h:m:s.ms]:   0:00:00.005 :Get SB states
Enlarged Blocks dimensions           :         400         400
SuperBlock Dimension  (tot)          :       10420(      160000)   6.51250%
get H_sb:
Total time [h:m:s.ms]:   0:00:00.152 :Setup SuperBlock Direct
Total time [h:m:s.ms]:   0:00:00.152 :Done H_sb
Total time [h:m:s.ms]:   0:00:00.789 :Diag H_sb
Total time [h:m:s.ms]:   0:00:00.052 :Get Rho, U->Renormalize, Setup New Basis
Truncating                           :           T                       T
Truncation Dim                       :         104                     104
Truncation Errors                    :   1.777711459483022E-06   1.777711459372000E-06
Energies/N                           :      -1.248826689786771      -1.244409338196672
Total time [h:m:s.ms]:   0:00:00.945 :dmrg_step
 
left; right=  27  27  |                       [1;92m=[0m[1;92m=[0m[1;92m=[0m[1;92m=[0m[1;92m=[0m[1;92m=[0m[1;92m=[0m[1;92m=[0m[1;92m=[0m[1;92m=[0m[1;92m=[0m[1;92m=[0m[1;92m=[0m[1;92m=[0m[1;92m=[0m[1;92m=[0m[1;92m=[0m[1;92m=[0m[1;92m=[0m[1;92m=[0m[1;92m=[0m[1;92m=[0m[1;92m=[0m[1;92m=[0m[1;92m=[0m[1;92m=[0m[1;92m=[0m[1;92m*[0m[1m|[0m[1;91m*[0m[1;91m-[0m[1;91m-[0m[1;91m-[0m[1;91m-[0m[1;91m-[0m[1;91m-[0m[1;91m-[0m[1;91m-[0m[1;91m-[0m[1;91m-[0m[1;91m-[0m[1;91m-[0m[1;91m-[0m[1;91m-[0m[1;91m-[0m[1;91m-[0m[1;91m-[0m[1;91m-[0m[1;91m-[0m[1;91m-[0m[1;91m-[0m[1;91m-[0m[1;91m-[0m[1;91m-[0m[1;91m-[0m[1;91m-[0m[1;91m-[0m                       |
Blocks Length (L-R) =           27          27
 Hij:
           2           2
 Hij:
           2           2
Total time [h:m:s.ms]:   0:00:00.064 :Enlarge blocks
  SuperBlock Length =           56
          Target_QN =   28.0000000  28.0000000
      Total         = 56.00000    
      Filling       = 1.000000    
      Filling/Norb  = 1.000000    
Total time [h:m:s.ms]:   0:00:00.005 :Get SB states
Enlarged Blocks dimensions           :         416         416
SuperBlock Dimension  (tot)          :       11274(      173056)   6.51465%
get H_sb:
Total time [h:m:s.ms]:   0:00:00.163 :Setup SuperBlock Direct
Total time [h:m:s.ms]:   0:00:00.163 :Done H_sb
Total time [h:m:s.ms]:   0:00:00.935 :Diag H_sb
Total time [h:m:s.ms]:   0:00:00.053 :Get Rho, U->Renormalize, Setup New Basis
Truncating                           :           T                       T
Truncation Dim                       :         100                     100
Truncation Errors                    :   1.045412469813378E-06   1.045412469258267E-06
Energies/N                           :      -1.248946239934478      -1.244703209816834
Total time [h:m:s.ms]:   0:00:01.074 :dmrg_step
 
left; right=  28  28  |                      [1;92m=[0m[1;92m=[0m[1;92m=[0m[1;92m=[0m[1;92m=[0m[1;92m=[0m[1;92m=[0m[1;92m=[0m[1;92m=[0m[1;92m=[0m[1;92m=[0m[1;92m=[0m[1;92m=[0m[1;92m=[0m[1;92m=[0m[1;92m=[0m[1;92m=[0m[1;92m=[0m[1;92m=[0m[1;92m=[0m[1;92m=[0m[1;92m=[0m[1;92m=[0m[1;92m=[0m[1;92m=[0m[1;92m=[0m[1;92m=[0m[1;92m=[0m[1;92m*[0m[1m|[0m[1;91m*[0m[1;91m-[0m[1;91m-[0m[1;91m-[0m[1;91m-[0m[1;91m-[0m[1;91m-[0m[1;91m-[0m[1;91m-[0m[1;91m-[0m[1;91m-[0m[1;91m-[0m[1;91m-[0m[1;91m-[0m[1;91m-[0m[1;91m-[0m[1;91m-[0m[1;91m-[0m[1;91m-[0m[1;91m-[0m[1;91m-[0m[1;91m-[0m[1;91m-[0m[1;91m-[0m[1;91m-[0m[1;91m-[0m[1;91m-[0m[1;91m-[0m[1;91m-[0m                      |
Blocks Length (L-R) =           28          28
 Hij:
           2           2
 Hij:
           2           2
Total time [h:m:s.ms]:   0:00:00.062 :Enlarge blocks
  SuperBlock Length =           58
          Target_QN =   29.0000000  29.0000000
      Total         = 58.00000    
      Filling       = 1.000000    
      Filling/Norb  = 1.000000    
Total time [h:m:s.ms]:   0:00:00.005 :Get SB states
Enlarged Blocks dimensions           :         400         400
SuperBlock Dimension  (tot)          :       10420(      160000)   6.51250%
get H_sb:
Total time [h:m:s.ms]:   0:00:00.151 :Setup SuperBlock Direct
Total time [h:m:s.ms]:   0:00:00.151 :Done H_sb
Total time [h:m:s.ms]:   0:00:00.823 :Diag H_sb
Total time [h:m:s.ms]:   0:00:00.051 :Get Rho, U->Renormalize, Setup New Basis
Truncating                           :           T                       T
Truncation Dim                       :         105                     105
Truncation Errors                    :   1.716226180614733E-06   1.716226180614733E-06
Energies/N                           :      -1.249316315939166      -1.245242734507295
Total time [h:m:s.ms]:   0:00:00.957 :dmrg_step
 
left; right=  29  29  |                     [1;92m=[0m[1;92m=[0m[1;92m=[0m[1;92m=[0m[1;92m=[0m[1;92m=[0m[1;92m=[0m[1;92m=[0m[1;92m=[0m[1;92m=[0m[1;92m=[0m[1;92m=[0m[1;92m=[0m[1;92m=[0m[1;92m=[0m[1;92m=[0m[1;92m=[0m[1;92m=[0m[1;92m=[0m[1;92m=[0m[1;92m=[0m[1;92m=[0m[1;92m=[0m[1;92m=[0m[1;92m=[0m[1;92m=[0m[1;92m=[0m[1;92m=[0m[1;92m=[0m[1;92m*[0m[1m|[0m[1;91m*[0m[1;91m-[0m[1;91m-[0m[1;91m-[0m[1;91m-[0m[1;91m-[0m[1;91m-[0m[1;91m-[0m[1;91m-[0m[1;91m-[0m[1;91m-[0m[1;91m-[0m[1;91m-[0m[1;91m-[0m[1;91m-[0m[1;91m-[0m[1;91m-[0m[1;91m-[0m[1;91m-[0m[1;91m-[0m[1;91m-[0m[1;91m-[0m[1;91m-[0m[1;91m-[0m[1;91m-[0m[1;91m-[0m[1;91m-[0m[1;91m-[0m[1;91m-[0m[1;91m-[0m                     |
Blocks Length (L-R) =           29          29
 Hij:
           2           2
 Hij:
           2           2
Total time [h:m:s.ms]:   0:00:00.073 :Enlarge blocks
  SuperBlock Length =           60
          Target_QN =   30.0000000  30.0000000
      Total         = 60.00000    
      Filling       = 1.000000    
      Filling/Norb  = 1.000000    
Total time [h:m:s.ms]:   0:00:00.006 :Get SB states
Enlarged Blocks dimensions           :         420         420
SuperBlock Dimension  (tot)          :       11594(      176400)   6.57256%
get H_sb:
Total time [h:m:s.ms]:   0:00:00.165 :Setup SuperBlock Direct
Total time [h:m:s.ms]:   0:00:00.165 :Done H_sb
Total time [h:m:s.ms]:   0:00:01.007 :Diag H_sb
Total time [h:m:s.ms]:   0:00:00.054 :Get Rho, U->Renormalize, Setup New Basis
Truncating                           :           T                       T
Truncation Dim                       :         100                     100
Truncation Errors                    :   1.105617901675515E-06   1.105617901897560E-06
Energies/N                           :      -1.249410263942305      -1.245480295474757
Total time [h:m:s.ms]:   0:00:01.157 :dmrg_step
 
left; right=  30  30  |                    [1;92m=[0m[1;92m=[0m[1;92m=[0m[1;92m=[0m[1;92m=[0m[1;92m=[0m[1;92m=[0m[1;92m=[0m[1;92m=[0m[1;92m=[0m[1;92m=[0m[1;92m=[0m[1;92m=[0m[1;92m=[0m[1;92m=[0m[1;92m=[0m[1;92m=[0m[1;92m=[0m[1;92m=[0m[1;92m=[0m[1;92m=[0m[1;92m=[0m[1;92m=[0m[1;92m=[0m[1;92m=[0m[1;92m=[0m[1;92m=[0m[1;92m=[0m[1;92m=[0m[1;92m=[0m[1;92m*[0m[1m|[0m[1;91m*[0m[1;91m-[0m[1;91m-[0m[1;91m-[0m[1;91m-[0m[1;91m-[0m[1;91m-[0m[1;91m-[0m[1;91m-[0m[1;91m-[0m[1;91m-[0m[1;91m-[0m[1;91m-[0m[1;91m-[0m[1;91m-[0m[1;91m-[0m[1;91m-[0m[1;91m-[0m[1;91m-[0m[1;91m-[0m[1;91m-[0m[1;91m-[0m[1;91m-[0m[1;91m-[0m[1;91m-[0m[1;91m-[0m[1;91m-[0m[1;91m-[0m[1;91m-[0m[1;91m-[0m[1;91m-[0m                    |
Blocks Length (L-R) =           30          30
 Hij:
           2           2
 Hij:
           2           2
Total time [h:m:s.ms]:   0:00:00.066 :Enlarge blocks
  SuperBlock Length =           62
          Target_QN =   31.0000000  31.0000000
      Total         = 62.00000    
      Filling       = 1.000000    
      Filling/Norb  = 1.000000    
Total time [h:m:s.ms]:   0:00:00.005 :Get SB states
Enlarged Blocks dimensions           :         400         400
SuperBlock Dimension  (tot)          :       10420(      160000)   6.51250%
get H_sb:
Total time [h:m:s.ms]:   0:00:00.172 :Setup SuperBlock Direct
Total time [h:m:s.ms]:   0:00:00.172 :Done H_sb
Total time [h:m:s.ms]:   0:00:00.882 :Diag H_sb
Total time [h:m:s.ms]:   0:00:00.053 :Get Rho, U->Renormalize, Setup New Basis
Truncating                           :           T                       T
Truncation Dim                       :         105                     105
Truncation Errors                    :   1.721930407150296E-06   1.721930407372341E-06
Energies/N                           :      -1.249740658193794      -1.245958649212284
Total time [h:m:s.ms]:   0:00:01.022 :dmrg_step
 
left; right=  31  31  |                   [1;92m=[0m[1;92m=[0m[1;92m=[0m[1;92m=[0m[1;92m=[0m[1;92m=[0m[1;92m=[0m[1;92m=[0m[1;92m=[0m[1;92m=[0m[1;92m=[0m[1;92m=[0m[1;92m=[0m[1;92m=[0m[1;92m=[0m[1;92m=[0m[1;92m=[0m[1;92m=[0m[1;92m=[0m[1;92m=[0m[1;92m=[0m[1;92m=[0m[1;92m=[0m[1;92m=[0m[1;92m=[0m[1;92m=[0m[1;92m=[0m[1;92m=[0m[1;92m=[0m[1;92m=[0m[1;92m=[0m[1;92m*[0m[1m|[0m[1;91m*[0m[1;91m-[0m[1;91m-[0m[1;91m-[0m[1;91m-[0m[1;91m-[0m[1;91m-[0m[1;91m-[0m[1;91m-[0m[1;91m-[0m[1;91m-[0m[1;91m-[0m[1;91m-[0m[1;91m-[0m[1;91m-[0m[1;91m-[0m[1;91m-[0m[1;91m-[0m[1;91m-[0m[1;91m-[0m[1;91m-[0m[1;91m-[0m[1;91m-[0m[1;91m-[0m[1;91m-[0m[1;91m-[0m[1;91m-[0m[1;91m-[0m[1;91m-[0m[1;91m-[0m[1;91m-[0m[1;91m-[0m                   |
Blocks Length (L-R) =           31          31
 Hij:
           2           2
 Hij:
           2           2
Total time [h:m:s.ms]:   0:00:00.074 :Enlarge blocks
  SuperBlock Length =           64
          Target_QN =   32.0000000  32.0000000
      Total         = 64.00000    
      Filling       = 1.000000    
      Filling/Norb  = 1.000000    
Total time [h:m:s.ms]:   0:00:00.006 :Get SB states
Enlarged Blocks dimensions           :         420         420
SuperBlock Dimension  (tot)          :       11594(      176400)   6.57256%
get H_sb:
Total time [h:m:s.ms]:   0:00:00.176 :Setup SuperBlock Direct
Total time [h:m:s.ms]:   0:00:00.176 :Done H_sb
Total time [h:m:s.ms]:   0:00:00.986 :Diag H_sb
Total time [h:m:s.ms]:   0:00:00.060 :Get Rho, U->Renormalize, Setup New Basis
Truncating                           :           T                       T
Truncation Dim                       :         100                     100
Truncation Errors                    :   1.134353232457030E-06   1.134353232457030E-06
Energies/N                           :      -1.249812277508175      -1.246149957510373
Total time [h:m:s.ms]:   0:00:01.144 :dmrg_step
 
left; right=  32  32  |                  [1;92m=[0m[1;92m=[0m[1;92m=[0m[1;92m=[0m[1;92m=[0m[1;92m=[0m[1;92m=[0m[1;92m=[0m[1;92m=[0m[1;92m=[0m[1;92m=[0m[1;92m=[0m[1;92m=[0m[1;92m=[0m[1;92m=[0m[1;92m=[0m[1;92m=[0m[1;92m=[0m[1;92m=[0m[1;92m=[0m[1;92m=[0m[1;92m=[0m[1;92m=[0m[1;92m=[0m[1;92m=[0m[1;92m=[0m[1;92m=[0m[1;92m=[0m[1;92m=[0m[1;92m=[0m[1;92m=[0m[1;92m=[0m[1;92m*[0m[1m|[0m[1;91m*[0m[1;91m-[0m[1;91m-[0m[1;91m-[0m[1;91m-[0m[1;91m-[0m[1;91m-[0m[1;91m-[0m[1;91m-[0m[1;91m-[0m[1;91m-[0m[1;91m-[0m[1;91m-[0m[1;91m-[0m[1;91m-[0m[1;91m-[0m[1;91m-[0m[1;91m-[0m[1;91m-[0m[1;91m-[0m[1;91m-[0m[1;91m-[0m[1;91m-[0m[1;91m-[0m[1;91m-[0m[1;91m-[0m[1;91m-[0m[1;91m-[0m[1;91m-[0m[1;91m-[0m[1;91m-[0m[1;91m-[0m[1;91m-[0m                  |
Blocks Length (L-R) =           32          32
 Hij:
           2           2
 Hij:
           2           2
Total time [h:m:s.ms]:   0:00:00.083 :Enlarge blocks
  SuperBlock Length =           66
          Target_QN =   33.0000000  33.0000000
      Total         = 66.00000    
      Filling       = 1.000000    
      Filling/Norb  = 1.000000    
Total time [h:m:s.ms]:   0:00:00.006 :Get SB states
Enlarged Blocks dimensions           :         400         400
SuperBlock Dimension  (tot)          :       10420(      160000)   6.51250%
get H_sb:
Total time [h:m:s.ms]:   0:00:00.172 :Setup SuperBlock Direct
Total time [h:m:s.ms]:   0:00:00.172 :Done H_sb
Total time [h:m:s.ms]:   0:00:00.988 :Diag H_sb
Total time [h:m:s.ms]:   0:00:00.056 :Get Rho, U->Renormalize, Setup New Basis
Truncating                           :           T                       T
Truncation Dim                       :         105                     105
Truncation Errors                    :   1.725523080864377E-06   1.725523080531310E-06
Energies/N                           :      -1.250110780773877      -1.246578100767070
Total time [h:m:s.ms]:   0:00:01.149 :dmrg_step
 
left; right=  33  33  |                 [1;92m=[0m[1;92m=[0m[1;92m=[0m[1;92m=[0m[1;92m=[0m[1;92m=[0m[1;92m=[0m[1;92m=[0m[1;92m=[0m[1;92m=[0m[1;92m=[0m[1;92m=[0m[1;92m=[0m[1;92m=[0m[1;92m=[0m[1;92m=[0m[1;92m=[0m[1;92m=[0m[1;92m=[0m[1;92m=[0m[1;92m=[0m[1;92m=[0m[1;92m=[0m[1;92m=[0m[1;92m=[0m[1;92m=[0m[1;92m=[0m[1;92m=[0m[1;92m=[0m[1;92m=[0m[1;92m=[0m[1;92m=[0m[1;92m=[0m[1;92m*[0m[1m|[0m[1;91m*[0m[1;91m-[0m[1;91m-[0m[1;91m-[0m[1;91m-[0m[1;91m-[0m[1;91m-[0m[1;91m-[0m[1;91m-[0m[1;91m-[0m[1;91m-[0m[1;91m-[0m[1;91m-[0m[1;91m-[0m[1;91m-[0m[1;91m-[0m[1;91m-[0m[1;91m-[0m[1;91m-[0m[1;91m-[0m[1;91m-[0m[1;91m-[0m[1;91m-[0m[1;91m-[0m[1;91m-[0m[1;91m-[0m[1;91m-[0m[1;91m-[0m[1;91m-[0m[1;91m-[0m[1;91m-[0m[1;91m-[0m[1;91m-[0m[1;91m-[0m                 |
Blocks Length (L-R) =           33          33
 Hij:
           2           2
 Hij:
           2           2
Total time [h:m:s.ms]:   0:00:00.071 :Enlarge blocks
  SuperBlock Length =           68
          Target_QN =   34.0000000  34.0000000
      Total         = 68.00000    
      Filling       = 1.000000    
      Filling/Norb  = 1.000000    
Total time [h:m:s.ms]:   0:00:00.006 :Get SB states
Enlarged Blocks dimensions           :         420         420
SuperBlock Dimension  (tot)          :       11594(      176400)   6.57256%
get H_sb:
Total time [h:m:s.ms]:   0:00:00.170 :Setup SuperBlock Direct
Total time [h:m:s.ms]:   0:00:00.170 :Done H_sb
Total time [h:m:s.ms]:   0:00:00.979 :Diag H_sb
Total time [h:m:s.ms]:   0:00:00.052 :Get Rho, U->Renormalize, Setup New Basis
Truncating                           :           T                       T
Truncation Dim                       :         100                     100
Truncation Errors                    :   1.157423924924572E-06   1.157423925035594E-06
Energies/N                           :      -1.250164505641667      -1.246732670105401
Total time [h:m:s.ms]:   0:00:01.124 :dmrg_step
 
left; right=  34  34  |                [1;92m=[0m[1;92m=[0m[1;92m=[0m[1;92m=[0m[1;92m=[0m[1;92m=[0m[1;92m=[0m[1;92m=[0m[1;92m=[0m[1;92m=[0m[1;92m=[0m[1;92m=[0m[1;92m=[0m[1;92m=[0m[1;92m=[0m[1;92m=[0m[1;92m=[0m[1;92m=[0m[1;92m=[0m[1;92m=[0m[1;92m=[0m[1;92m=[0m[1;92m=[0m[1;92m=[0m[1;92m=[0m[1;92m=[0m[1;92m=[0m[1;92m=[0m[1;92m=[0m[1;92m=[0m[1;92m=[0m[1;92m=[0m[1;92m=[0m[1;92m=[0m[1;92m*[0m[1m|[0m[1;91m*[0m[1;91m-[0m[1;91m-[0m[1;91m-[0m[1;91m-[0m[1;91m-[0m[1;91m-[0m[1;91m-[0m[1;91m-[0m[1;91m-[0m[1;91m-[0m[1;91m-[0m[1;91m-[0m[1;91m-[0m[1;91m-[0m[1;91m-[0m[1;91m-[0m[1;91m-[0m[1;91m-[0m[1;91m-[0m[1;91m-[0m[1;91m-[0m[1;91m-[0m[1;91m-[0m[1;91m-[0m[1;91m-[0m[1;91m-[0m[1;91m-[0m[1;91m-[0m[1;91m-[0m[1;91m-[0m[1;91m-[0m[1;91m-[0m[1;91m-[0m[1;91m-[0m                |
Blocks Length (L-R) =           34          34
 Hij:
           2           2
 Hij:
           2           2
Total time [h:m:s.ms]:   0:00:00.066 :Enlarge blocks
  SuperBlock Length =           70
          Target_QN =   35.0000000  35.0000000
      Total         = 70.00000    
      Filling       = 1.000000    
      Filling/Norb  = 1.000000    
Total time [h:m:s.ms]:   0:00:00.005 :Get SB states
Enlarged Blocks dimensions           :         400         400
SuperBlock Dimension  (tot)          :       10420(      160000)   6.51250%
get H_sb:
Total time [h:m:s.ms]:   0:00:00.157 :Setup SuperBlock Direct
Total time [h:m:s.ms]:   0:00:00.158 :Done H_sb
Total time [h:m:s.ms]:   0:00:00.782 :Diag H_sb
Total time [h:m:s.ms]:   0:00:00.051 :Get Rho, U->Renormalize, Setup New Basis
Truncating                           :           T                       T
Truncation Dim                       :         105                     105
Truncation Errors                    :   1.726674135116291E-06   1.726674135338335E-06
Energies/N                           :      -1.250435988133596      -1.247118850158432
Total time [h:m:s.ms]:   0:00:00.921 :dmrg_step
 
left; right=  35  35  |               [1;92m=[0m[1;92m=[0m[1;92m=[0m[1;92m=[0m[1;92m=[0m[1;92m=[0m[1;92m=[0m[1;92m=[0m[1;92m=[0m[1;92m=[0m[1;92m=[0m[1;92m=[0m[1;92m=[0m[1;92m=[0m[1;92m=[0m[1;92m=[0m[1;92m=[0m[1;92m=[0m[1;92m=[0m[1;92m=[0m[1;92m=[0m[1;92m=[0m[1;92m=[0m[1;92m=[0m[1;92m=[0m[1;92m=[0m[1;92m=[0m[1;92m=[0m[1;92m=[0m[1;92m=[0m[1;92m=[0m[1;92m=[0m[1;92m=[0m[1;92m=[0m[1;92m=[0m[1;92m*[0m[1m|[0m[1;91m*[0m[1;91m-[0m[1;91m-[0m[1;91m-[0m[1;91m-[0m[1;91m-[0m[1;91m-[0m[1;91m-[0m[1;91m-[0m[1;91m-[0m[1;91m-[0m[1;91m-[0m[1;91m-[0m[1;91m-[0m[1;91m-[0m[1;91m-[0m[1;91m-[0m[1;91m-[0m[1;91m-[0m[1;91m-[0m[1;91m-[0m[1;91m-[0m[1;91m-[0m[1;91m-[0m[1;91m-[0m[1;91m-[0m[1;91m-[0m[1;91m-[0m[1;91m-[0m[1;91m-[0m[1;91m-[0m[1;91m-[0m[1;91m-[0m[1;91m-[0m[1;91m-[0m[1;91m-[0m               |
Blocks Length (L-R) =           35          35
 Hij:
           2           2
 Hij:
           2           2
Total time [h:m:s.ms]:   0:00:00.073 :Enlarge blocks
  SuperBlock Length =           72
          Target_QN =   36.0000000  36.0000000
      Total         = 72.00000    
      Filling       = 1.000000    
      Filling/Norb  = 1.000000    
Total time [h:m:s.ms]:   0:00:00.006 :Get SB states
Enlarged Blocks dimensions           :         420         420
SuperBlock Dimension  (tot)          :       11594(      176400)   6.57256%
get H_sb:
Total time [h:m:s.ms]:   0:00:00.178 :Setup SuperBlock Direct
Total time [h:m:s.ms]:   0:00:00.178 :Done H_sb
Total time [h:m:s.ms]:   0:00:00.908 :Diag H_sb
Total time [h:m:s.ms]:   0:00:00.056 :Get Rho, U->Renormalize, Setup New Basis
Truncating                           :           T                       T
Truncation Dim                       :         100                     100
Truncation Errors                    :   1.175550022991523E-06   1.175550022658456E-06
Energies/N                           :      -1.250475588971253      -1.247244531976215
Total time [h:m:s.ms]:   0:00:01.061 :dmrg_step
 
left; right=  36  36  |              [1;92m=[0m[1;92m=[0m[1;92m=[0m[1;92m=[0m[1;92m=[0m[1;92m=[0m[1;92m=[0m[1;92m=[0m[1;92m=[0m[1;92m=[0m[1;92m=[0m[1;92m=[0m[1;92m=[0m[1;92m=[0m[1;92m=[0m[1;92m=[0m[1;92m=[0m[1;92m=[0m[1;92m=[0m[1;92m=[0m[1;92m=[0m[1;92m=[0m[1;92m=[0m[1;92m=[0m[1;92m=[0m[1;92m=[0m[1;92m=[0m[1;92m=[0m[1;92m=[0m[1;92m=[0m[1;92m=[0m[1;92m=[0m[1;92m=[0m[1;92m=[0m[1;92m=[0m[1;92m=[0m[1;92m*[0m[1m|[0m[1;91m*[0m[1;91m-[0m[1;91m-[0m[1;91m-[0m[1;91m-[0m[1;91m-[0m[1;91m-[0m[1;91m-[0m[1;91m-[0m[1;91m-[0m[1;91m-[0m[1;91m-[0m[1;91m-[0m[1;91m-[0m[1;91m-[0m[1;91m-[0m[1;91m-[0m[1;91m-[0m[1;91m-[0m[1;91m-[0m[1;91m-[0m[1;91m-[0m[1;91m-[0m[1;91m-[0m[1;91m-[0m[1;91m-[0m[1;91m-[0m[1;91m-[0m[1;91m-[0m[1;91m-[0m[1;91m-[0m[1;91m-[0m[1;91m-[0m[1;91m-[0m[1;91m-[0m[1;91m-[0m[1;91m-[0m              |
Blocks Length (L-R) =           36          36
 Hij:
           2           2
 Hij:
           2           2
Total time [h:m:s.ms]:   0:00:00.073 :Enlarge blocks
  SuperBlock Length =           74
          Target_QN =   37.0000000  37.0000000
      Total         = 74.00000    
      Filling       = 1.000000    
      Filling/Norb  = 1.000000    
Total time [h:m:s.ms]:   0:00:00.005 :Get SB states
Enlarged Blocks dimensions           :         400         400
SuperBlock Dimension  (tot)          :       10420(      160000)   6.51250%
get H_sb:
Total time [h:m:s.ms]:   0:00:00.161 :Setup SuperBlock Direct
Total time [h:m:s.ms]:   0:00:00.161 :Done H_sb
Total time [h:m:s.ms]:   0:00:00.852 :Diag H_sb
Total time [h:m:s.ms]:   0:00:00.053 :Get Rho, U->Renormalize, Setup New Basis
Truncating                           :           T                       T
Truncation Dim                       :         105                     105
Truncation Errors                    :   1.725484942038946E-06   1.725484942260991E-06
Energies/N                           :      -1.250724112421290      -1.247595485197776
Total time [h:m:s.ms]:   0:00:01.000 :dmrg_step
 
left; right=  37  37  |             [1;92m=[0m[1;92m=[0m[1;92m=[0m[1;92m=[0m[1;92m=[0m[1;92m=[0m[1;92m=[0m[1;92m=[0m[1;92m=[0m[1;92m=[0m[1;92m=[0m[1;92m=[0m[1;92m=[0m[1;92m=[0m[1;92m=[0m[1;92m=[0m[1;92m=[0m[1;92m=[0m[1;92m=[0m[1;92m=[0m[1;92m=[0m[1;92m=[0m[1;92m=[0m[1;92m=[0m[1;92m=[0m[1;92m=[0m[1;92m=[0m[1;92m=[0m[1;92m=[0m[1;92m=[0m[1;92m=[0m[1;92m=[0m[1;92m=[0m[1;92m=[0m[1;92m=[0m[1;92m=[0m[1;92m=[0m[1;92m*[0m[1m|[0m[1;91m*[0m[1;91m-[0m[1;91m-[0m[1;91m-[0m[1;91m-[0m[1;91m-[0m[1;91m-[0m[1;91m-[0m[1;91m-[0m[1;91m-[0m[1;91m-[0m[1;91m-[0m[1;91m-[0m[1;91m-[0m[1;91m-[0m[1;91m-[0m[1;91m-[0m[1;91m-[0m[1;91m-[0m[1;91m-[0m[1;91m-[0m[1;91m-[0m[1;91m-[0m[1;91m-[0m[1;91m-[0m[1;91m-[0m[1;91m-[0m[1;91m-[0m[1;91m-[0m[1;91m-[0m[1;91m-[0m[1;91m-[0m[1;91m-[0m[1;91m-[0m[1;91m-[0m[1;91m-[0m[1;91m-[0m[1;91m-[0m             |
Blocks Length (L-R) =           37          37
 Hij:
           2           2
 Hij:
           2           2
Total time [h:m:s.ms]:   0:00:00.068 :Enlarge blocks
  SuperBlock Length =           76
          Target_QN =   38.0000000  38.0000000
      Total         = 76.00000    
      Filling       = 1.000000    
      Filling/Norb  = 1.000000    
Total time [h:m:s.ms]:   0:00:00.006 :Get SB states
Enlarged Blocks dimensions           :         420         420
SuperBlock Dimension  (tot)          :       11594(      176400)   6.57256%
get H_sb:
Total time [h:m:s.ms]:   0:00:00.170 :Setup SuperBlock Direct
Total time [h:m:s.ms]:   0:00:00.170 :Done H_sb
Total time [h:m:s.ms]:   0:00:00.916 :Diag H_sb
Total time [h:m:s.ms]:   0:00:00.051 :Get Rho, U->Renormalize, Setup New Basis
Truncating                           :           T                       T
Truncation Dim                       :         100                     100
Truncation Errors                    :   1.189750481800367E-06   1.189750481911389E-06
Energies/N                           :      -1.250752601272068      -1.247698296218943
Total time [h:m:s.ms]:   0:00:01.060 :dmrg_step
 
left; right=  38  38  |            [1;92m=[0m[1;92m=[0m[1;92m=[0m[1;92m=[0m[1;92m=[0m[1;92m=[0m[1;92m=[0m[1;92m=[0m[1;92m=[0m[1;92m=[0m[1;92m=[0m[1;92m=[0m[1;92m=[0m[1;92m=[0m[1;92m=[0m[1;92m=[0m[1;92m=[0m[1;92m=[0m[1;92m=[0m[1;92m=[0m[1;92m=[0m[1;92m=[0m[1;92m=[0m[1;92m=[0m[1;92m=[0m[1;92m=[0m[1;92m=[0m[1;92m=[0m[1;92m=[0m[1;92m=[0m[1;92m=[0m[1;92m=[0m[1;92m=[0m[1;92m=[0m[1;92m=[0m[1;92m=[0m[1;92m=[0m[1;92m=[0m[1;92m*[0m[1m|[0m[1;91m*[0m[1;91m-[0m[1;91m-[0m[1;91m-[0m[1;91m-[0m[1;91m-[0m[1;91m-[0m[1;91m-[0m[1;91m-[0m[1;91m-[0m[1;91m-[0m[1;91m-[0m[1;91m-[0m[1;91m-[0m[1;91m-[0m[1;91m-[0m[1;91m-[0m[1;91m-[0m[1;91m-[0m[1;91m-[0m[1;91m-[0m[1;91m-[0m[1;91m-[0m[1;91m-[0m[1;91m-[0m[1;91m-[0m[1;91m-[0m[1;91m-[0m[1;91m-[0m[1;91m-[0m[1;91m-[0m[1;91m-[0m[1;91m-[0m[1;91m-[0m[1;91m-[0m[1;91m-[0m[1;91m-[0m[1;91m-[0m[1;91m-[0m            |
Blocks Length (L-R) =           38          38
 Hij:
           2           2
 Hij:
           2           2
Total time [h:m:s.ms]:   0:00:00.063 :Enlarge blocks
  SuperBlock Length =           78
          Target_QN =   39.0000000  39.0000000
      Total         = 78.00000    
      Filling       = 1.000000    
      Filling/Norb  = 1.000000    
Total time [h:m:s.ms]:   0:00:00.005 :Get SB states
Enlarged Blocks dimensions           :         400         400
SuperBlock Dimension  (tot)          :       10420(      160000)   6.51250%
get H_sb:
Total time [h:m:s.ms]:   0:00:00.158 :Setup SuperBlock Direct
Total time [h:m:s.ms]:   0:00:00.158 :Done H_sb
Total time [h:m:s.ms]:   0:00:00.824 :Diag H_sb
Total time [h:m:s.ms]:   0:00:00.058 :Get Rho, U->Renormalize, Setup New Basis
Truncating                           :           T                       T
Truncation Dim                       :         105                     105
Truncation Errors                    :   1.722448473184812E-06   1.722448472962768E-06
Energies/N                           :      -1.250981457746690      -1.248019406933436
Total time [h:m:s.ms]:   0:00:00.966 :dmrg_step
 
left; right=  39  39  |           [1;92m=[0m[1;92m=[0m[1;92m=[0m[1;92m=[0m[1;92m=[0m[1;92m=[0m[1;92m=[0m[1;92m=[0m[1;92m=[0m[1;92m=[0m[1;92m=[0m[1;92m=[0m[1;92m=[0m[1;92m=[0m[1;92m=[0m[1;92m=[0m[1;92m=[0m[1;92m=[0m[1;92m=[0m[1;92m=[0m[1;92m=[0m[1;92m=[0m[1;92m=[0m[1;92m=[0m[1;92m=[0m[1;92m=[0m[1;92m=[0m[1;92m=[0m[1;92m=[0m[1;92m=[0m[1;92m=[0m[1;92m=[0m[1;92m=[0m[1;92m=[0m[1;92m=[0m[1;92m=[0m[1;92m=[0m[1;92m=[0m[1;92m=[0m[1;92m*[0m[1m|[0m[1;91m*[0m[1;91m-[0m[1;91m-[0m[1;91m-[0m[1;91m-[0m[1;91m-[0m[1;91m-[0m[1;91m-[0m[1;91m-[0m[1;91m-[0m[1;91m-[0m[1;91m-[0m[1;91m-[0m[1;91m-[0m[1;91m-[0m[1;91m-[0m[1;91m-[0m[1;91m-[0m[1;91m-[0m[1;91m-[0m[1;91m-[0m[1;91m-[0m[1;91m-[0m[1;91m-[0m[1;91m-[0m[1;91m-[0m[1;91m-[0m[1;91m-[0m[1;91m-[0m[1;91m-[0m[1;91m-[0m[1;91m-[0m[1;91m-[0m[1;91m-[0m[1;91m-[0m[1;91m-[0m[1;91m-[0m[1;91m-[0m[1;91m-[0m[1;91m-[0m           |
Blocks Length (L-R) =           39          39
 Hij:
           2           2
 Hij:
           2           2
Total time [h:m:s.ms]:   0:00:00.065 :Enlarge blocks
  SuperBlock Length =           80
          Target_QN =   40.0000000  40.0000000
      Total         = 80.00000    
      Filling       = 1.000000    
      Filling/Norb  = 1.000000    
Total time [h:m:s.ms]:   0:00:00.006 :Get SB states
Enlarged Blocks dimensions           :         420         420
SuperBlock Dimension  (tot)          :       11594(      176400)   6.57256%
get H_sb:
Total time [h:m:s.ms]:   0:00:00.175 :Setup SuperBlock Direct
Total time [h:m:s.ms]:   0:00:00.175 :Done H_sb
Total time [h:m:s.ms]:   0:00:01.024 :Diag H_sb
Total time [h:m:s.ms]:   0:00:00.056 :Get Rho, U->Renormalize, Setup New Basis
Truncating                           :           T                       T
Truncation Dim                       :         100                     100
Truncation Errors                    :   1.200992156280556E-06   1.200992157168734E-06
Energies/N                           :      -1.251001124967921      -1.248103866810561
Total time [h:m:s.ms]:   0:00:01.169 :dmrg_step
 
left; right=  40  40  |          [1;92m=[0m[1;92m=[0m[1;92m=[0m[1;92m=[0m[1;92m=[0m[1;92m=[0m[1;92m=[0m[1;92m=[0m[1;92m=[0m[1;92m=[0m[1;92m=[0m[1;92m=[0m[1;92m=[0m[1;92m=[0m[1;92m=[0m[1;92m=[0m[1;92m=[0m[1;92m=[0m[1;92m=[0m[1;92m=[0m[1;92m=[0m[1;92m=[0m[1;92m=[0m[1;92m=[0m[1;92m=[0m[1;92m=[0m[1;92m=[0m[1;92m=[0m[1;92m=[0m[1;92m=[0m[1;92m=[0m[1;92m=[0m[1;92m=[0m[1;92m=[0m[1;92m=[0m[1;92m=[0m[1;92m=[0m[1;92m=[0m[1;92m=[0m[1;92m=[0m[1;92m*[0m[1m|[0m[1;91m*[0m[1;91m-[0m[1;91m-[0m[1;91m-[0m[1;91m-[0m[1;91m-[0m[1;91m-[0m[1;91m-[0m[1;91m-[0m[1;91m-[0m[1;91m-[0m[1;91m-[0m[1;91m-[0m[1;91m-[0m[1;91m-[0m[1;91m-[0m[1;91m-[0m[1;91m-[0m[1;91m-[0m[1;91m-[0m[1;91m-[0m[1;91m-[0m[1;91m-[0m[1;91m-[0m[1;91m-[0m[1;91m-[0m[1;91m-[0m[1;91m-[0m[1;91m-[0m[1;91m-[0m[1;91m-[0m[1;91m-[0m[1;91m-[0m[1;91m-[0m[1;91m-[0m[1;91m-[0m[1;91m-[0m[1;91m-[0m[1;91m-[0m[1;91m-[0m[1;91m-[0m          |
Blocks Length (L-R) =           40          40
 Hij:
           2           2
 Hij:
           2           2
Total time [h:m:s.ms]:   0:00:00.063 :Enlarge blocks
  SuperBlock Length =           82
          Target_QN =   41.0000000  41.0000000
      Total         = 82.00000    
      Filling       = 1.000000    
      Filling/Norb  = 1.000000    
Total time [h:m:s.ms]:   0:00:00.005 :Get SB states
Enlarged Blocks dimensions           :         400         400
SuperBlock Dimension  (tot)          :       10420(      160000)   6.51250%
get H_sb:
Total time [h:m:s.ms]:   0:00:00.170 :Setup SuperBlock Direct
Total time [h:m:s.ms]:   0:00:00.170 :Done H_sb
Total time [h:m:s.ms]:   0:00:00.827 :Diag H_sb
Total time [h:m:s.ms]:   0:00:00.053 :Get Rho, U->Renormalize, Setup New Basis
Truncating                           :           T                       T
Truncation Dim                       :         105                     105
Truncation Errors                    :   1.718120256066769E-06   1.718120255733702E-06
Energies/N                           :      -1.251212974258185      -1.248399430530736
Total time [h:m:s.ms]:   0:00:00.966 :dmrg_step
 
left; right=  41  41  |         [1;92m=[0m[1;92m=[0m[1;92m=[0m[1;92m=[0m[1;92m=[0m[1;92m=[0m[1;92m=[0m[1;92m=[0m[1;92m=[0m[1;92m=[0m[1;92m=[0m[1;92m=[0m[1;92m=[0m[1;92m=[0m[1;92m=[0m[1;92m=[0m[1;92m=[0m[1;92m=[0m[1;92m=[0m[1;92m=[0m[1;92m=[0m[1;92m=[0m[1;92m=[0m[1;92m=[0m[1;92m=[0m[1;92m=[0m[1;92m=[0m[1;92m=[0m[1;92m=[0m[1;92m=[0m[1;92m=[0m[1;92m=[0m[1;92m=[0m[1;92m=[0m[1;92m=[0m[1;92m=[0m[1;92m=[0m[1;92m=[0m[1;92m=[0m[1;92m=[0m[1;92m=[0m[1;92m*[0m[1m|[0m[1;91m*[0m[1;91m-[0m[1;91m-[0m[1;91m-[0m[1;91m-[0m[1;91m-[0m[1;91m-[0m[1;91m-[0m[1;91m-[0m[1;91m-[0m[1;91m-[0m[1;91m-[0m[1;91m-[0m[1;91m-[0m[1;91m-[0m[1;91m-[0m[1;91m-[0m[1;91m-[0m[1;91m-[0m[1;91m-[0m[1;91m-[0m[1;91m-[0m[1;91m-[0m[1;91m-[0m[1;91m-[0m[1;91m-[0m[1;91m-[0m[1;91m-[0m[1;91m-[0m[1;91m-[0m[1;91m-[0m[1;91m-[0m[1;91m-[0m[1;91m-[0m[1;91m-[0m[1;91m-[0m[1;91m-[0m[1;91m-[0m[1;91m-[0m[1;91m-[0m[1;91m-[0m[1;91m-[0m         |
Blocks Length (L-R) =           41          41
 Hij:
           2           2
 Hij:
           2           2
Total time [h:m:s.ms]:   0:00:00.072 :Enlarge blocks
  SuperBlock Length =           84
          Target_QN =   42.0000000  42.0000000
      Total         = 84.00000    
      Filling       = 1.000000    
      Filling/Norb  = 1.000000    
Total time [h:m:s.ms]:   0:00:00.005 :Get SB states
Enlarged Blocks dimensions           :         420         420
SuperBlock Dimension  (tot)          :       11594(      176400)   6.57256%
get H_sb:
Total time [h:m:s.ms]:   0:00:00.165 :Setup SuperBlock Direct
Total time [h:m:s.ms]:   0:00:00.165 :Done H_sb
Total time [h:m:s.ms]:   0:00:00.909 :Diag H_sb
Total time [h:m:s.ms]:   0:00:00.054 :Get Rho, U->Renormalize, Setup New Basis
Truncating                           :           T                       T
Truncation Dim                       :         100                     100
Truncation Errors                    :   1.210043229393776E-06   1.210043228838664E-06
Energies/N                           :      -1.251225552056740      -1.248468960157535
Total time [h:m:s.ms]:   0:00:01.057 :dmrg_step
 
left; right=  42  42  |        [1;92m=[0m[1;92m=[0m[1;92m=[0m[1;92m=[0m[1;92m=[0m[1;92m=[0m[1;92m=[0m[1;92m=[0m[1;92m=[0m[1;92m=[0m[1;92m=[0m[1;92m=[0m[1;92m=[0m[1;92m=[0m[1;92m=[0m[1;92m=[0m[1;92m=[0m[1;92m=[0m[1;92m=[0m[1;92m=[0m[1;92m=[0m[1;92m=[0m[1;92m=[0m[1;92m=[0m[1;92m=[0m[1;92m=[0m[1;92m=[0m[1;92m=[0m[1;92m=[0m[1;92m=[0m[1;92m=[0m[1;92m=[0m[1;92m=[0m[1;92m=[0m[1;92m=[0m[1;92m=[0m[1;92m=[0m[1;92m=[0m[1;92m=[0m[1;92m=[0m[1;92m=[0m[1;92m=[0m[1;92m*[0m[1m|[0m[1;91m*[0m[1;91m-[0m[1;91m-[0m[1;91m-[0m[1;91m-[0m[1;91m-[0m[1;91m-[0m[1;91m-[0m[1;91m-[0m[1;91m-[0m[1;91m-[0m[1;91m-[0m[1;91m-[0m[1;91m-[0m[1;91m-[0m[1;91m-[0m[1;91m-[0m[1;91m-[0m[1;91m-[0m[1;91m-[0m[1;91m-[0m[1;91m-[0m[1;91m-[0m[1;91m-[0m[1;91m-[0m[1;91m-[0m[1;91m-[0m[1;91m-[0m[1;91m-[0m[1;91m-[0m[1;91m-[0m[1;91m-[0m[1;91m-[0m[1;91m-[0m[1;91m-[0m[1;91m-[0m[1;91m-[0m[1;91m-[0m[1;91m-[0m[1;91m-[0m[1;91m-[0m[1;91m-[0m[1;91m-[0m        |
Blocks Length (L-R) =           42          42
 Hij:
           2           2
 Hij:
           2           2
Total time [h:m:s.ms]:   0:00:00.077 :Enlarge blocks
  SuperBlock Length =           86
          Target_QN =   43.0000000  43.0000000
      Total         = 86.00000    
      Filling       = 1.000000    
      Filling/Norb  = 1.000000    
Total time [h:m:s.ms]:   0:00:00.005 :Get SB states
Enlarged Blocks dimensions           :         400         400
SuperBlock Dimension  (tot)          :       10420(      160000)   6.51250%
get H_sb:
Total time [h:m:s.ms]:   0:00:00.152 :Setup SuperBlock Direct
Total time [h:m:s.ms]:   0:00:00.153 :Done H_sb
Total time [h:m:s.ms]:   0:00:00.714 :Diag H_sb
Total time [h:m:s.ms]:   0:00:00.053 :Get Rho, U->Renormalize, Setup New Basis
Truncating                           :           T                       T
Truncation Dim                       :         105                     105
Truncation Errors                    :   1.712968063172227E-06   1.712968063838360E-06
Energies/N                           :      -1.251422560508150      -1.248742431604516
Total time [h:m:s.ms]:   0:00:00.867 :dmrg_step
 
left; right=  43  43  |       [1;92m=[0m[1;92m=[0m[1;92m=[0m[1;92m=[0m[1;92m=[0m[1;92m=[0m[1;92m=[0m[1;92m=[0m[1;92m=[0m[1;92m=[0m[1;92m=[0m[1;92m=[0m[1;92m=[0m[1;92m=[0m[1;92m=[0m[1;92m=[0m[1;92m=[0m[1;92m=[0m[1;92m=[0m[1;92m=[0m[1;92m=[0m[1;92m=[0m[1;92m=[0m[1;92m=[0m[1;92m=[0m[1;92m=[0m[1;92m=[0m[1;92m=[0m[1;92m=[0m[1;92m=[0m[1;92m=[0m[1;92m=[0m[1;92m=[0m[1;92m=[0m[1;92m=[0m[1;92m=[0m[1;92m=[0m[1;92m=[0m[1;92m=[0m[1;92m=[0m[1;92m=[0m[1;92m=[0m[1;92m=[0m[1;92m*[0m[1m|[0m[1;91m*[0m[1;91m-[0m[1;91m-[0m[1;91m-[0m[1;91m-[0m[1;91m-[0m[1;91m-[0m[1;91m-[0m[1;91m-[0m[1;91m-[0m[1;91m-[0m[1;91m-[0m[1;91m-[0m[1;91m-[0m[1;91m-[0m[1;91m-[0m[1;91m-[0m[1;91m-[0m[1;91m-[0m[1;91m-[0m[1;91m-[0m[1;91m-[0m[1;91m-[0m[1;91m-[0m[1;91m-[0m[1;91m-[0m[1;91m-[0m[1;91m-[0m[1;91m-[0m[1;91m-[0m[1;91m-[0m[1;91m-[0m[1;91m-[0m[1;91m-[0m[1;91m-[0m[1;91m-[0m[1;91m-[0m[1;91m-[0m[1;91m-[0m[1;91m-[0m[1;91m-[0m[1;91m-[0m[1;91m-[0m[1;91m-[0m       |
Blocks Length (L-R) =           43          43
 Hij:
           2           2
 Hij:
           2           2
Total time [h:m:s.ms]:   0:00:00.073 :Enlarge blocks
  SuperBlock Length =           88
          Target_QN =   44.0000000  44.0000000
      Total         = 88.00000    
      Filling       = 1.000000    
      Filling/Norb  = 1.000000    
Total time [h:m:s.ms]:   0:00:00.006 :Get SB states
Enlarged Blocks dimensions           :         420         420
SuperBlock Dimension  (tot)          :       11594(      176400)   6.57256%
get H_sb:
Total time [h:m:s.ms]:   0:00:00.184 :Setup SuperBlock Direct
Total time [h:m:s.ms]:   0:00:00.184 :Done H_sb
Total time [h:m:s.ms]:   0:00:00.964 :Diag H_sb
Total time [h:m:s.ms]:   0:00:00.054 :Get Rho, U->Renormalize, Setup New Basis
Truncating                           :           T                       T
Truncation Dim                       :         101                     101
Truncation Errors                    :   1.161693213735937E-06   1.161693213513892E-06
Energies/N                           :      -1.251429375369977      -1.248799662079535
Total time [h:m:s.ms]:   0:00:01.114 :dmrg_step
 
left; right=  44  44  |      [1;92m=[0m[1;92m=[0m[1;92m=[0m[1;92m=[0m[1;92m=[0m[1;92m=[0m[1;92m=[0m[1;92m=[0m[1;92m=[0m[1;92m=[0m[1;92m=[0m[1;92m=[0m[1;92m=[0m[1;92m=[0m[1;92m=[0m[1;92m=[0m[1;92m=[0m[1;92m=[0m[1;92m=[0m[1;92m=[0m[1;92m=[0m[1;92m=[0m[1;92m=[0m[1;92m=[0m[1;92m=[0m[1;92m=[0m[1;92m=[0m[1;92m=[0m[1;92m=[0m[1;92m=[0m[1;92m=[0m[1;92m=[0m[1;92m=[0m[1;92m=[0m[1;92m=[0m[1;92m=[0m[1;92m=[0m[1;92m=[0m[1;92m=[0m[1;92m=[0m[1;92m=[0m[1;92m=[0m[1;92m=[0m[1;92m=[0m[1;92m*[0m[1m|[0m[1;91m*[0m[1;91m-[0m[1;91m-[0m[1;91m-[0m[1;91m-[0m[1;91m-[0m[1;91m-[0m[1;91m-[0m[1;91m-[0m[1;91m-[0m[1;91m-[0m[1;91m-[0m[1;91m-[0m[1;91m-[0m[1;91m-[0m[1;91m-[0m[1;91m-[0m[1;91m-[0m[1;91m-[0m[1;91m-[0m[1;91m-[0m[1;91m-[0m[1;91m-[0m[1;91m-[0m[1;91m-[0m[1;91m-[0m[1;91m-[0m[1;91m-[0m[1;91m-[0m[1;91m-[0m[1;91m-[0m[1;91m-[0m[1;91m-[0m[1;91m-[0m[1;91m-[0m[1;91m-[0m[1;91m-[0m[1;91m-[0m[1;91m-[0m[1;91m-[0m[1;91m-[0m[1;91m-[0m[1;91m-[0m[1;91m-[0m[1;91m-[0m      |
Blocks Length (L-R) =           44          44
 Hij:
           2           2
 Hij:
           2           2
Total time [h:m:s.ms]:   0:00:00.063 :Enlarge blocks
  SuperBlock Length =           90
          Target_QN =   45.0000000  45.0000000
      Total         = 90.00000    
      Filling       = 1.000000    
      Filling/Norb  = 1.000000    
Total time [h:m:s.ms]:   0:00:00.005 :Get SB states
Enlarged Blocks dimensions           :         404         404
SuperBlock Dimension  (tot)          :       10620(      163216)   6.50672%
get H_sb:
Total time [h:m:s.ms]:   0:00:00.160 :Setup SuperBlock Direct
Total time [h:m:s.ms]:   0:00:00.160 :Done H_sb
Total time [h:m:s.ms]:   0:00:00.819 :Diag H_sb
Total time [h:m:s.ms]:   0:00:00.052 :Get Rho, U->Renormalize, Setup New Basis
Truncating                           :           T                       T
Truncation Dim                       :         105                     105
Truncation Errors                    :   1.710369184282357E-06   1.710369184282357E-06
Energies/N                           :      -1.251613483417721      -1.249054413225344
Total time [h:m:s.ms]:   0:00:00.956 :dmrg_step
 
left; right=  45  45  |     [1;92m=[0m[1;92m=[0m[1;92m=[0m[1;92m=[0m[1;92m=[0m[1;92m=[0m[1;92m=[0m[1;92m=[0m[1;92m=[0m[1;92m=[0m[1;92m=[0m[1;92m=[0m[1;92m=[0m[1;92m=[0m[1;92m=[0m[1;92m=[0m[1;92m=[0m[1;92m=[0m[1;92m=[0m[1;92m=[0m[1;92m=[0m[1;92m=[0m[1;92m=[0m[1;92m=[0m[1;92m=[0m[1;92m=[0m[1;92m=[0m[1;92m=[0m[1;92m=[0m[1;92m=[0m[1;92m=[0m[1;92m=[0m[1;92m=[0m[1;92m=[0m[1;92m=[0m[1;92m=[0m[1;92m=[0m[1;92m=[0m[1;92m=[0m[1;92m=[0m[1;92m=[0m[1;92m=[0m[1;92m=[0m[1;92m=[0m[1;92m=[0m[1;92m*[0m[1m|[0m[1;91m*[0m[1;91m-[0m[1;91m-[0m[1;91m-[0m[1;91m-[0m[1;91m-[0m[1;91m-[0m[1;91m-[0m[1;91m-[0m[1;91m-[0m[1;91m-[0m[1;91m-[0m[1;91m-[0m[1;91m-[0m[1;91m-[0m[1;91m-[0m[1;91m-[0m[1;91m-[0m[1;91m-[0m[1;91m-[0m[1;91m-[0m[1;91m-[0m[1;91m-[0m[1;91m-[0m[1;91m-[0m[1;91m-[0m[1;91m-[0m[1;91m-[0m[1;91m-[0m[1;91m-[0m[1;91m-[0m[1;91m-[0m[1;91m-[0m[1;91m-[0m[1;91m-[0m[1;91m-[0m[1;91m-[0m[1;91m-[0m[1;91m-[0m[1;91m-[0m[1;91m-[0m[1;91m-[0m[1;91m-[0m[1;91m-[0m[1;91m-[0m[1;91m-[0m     |
Blocks Length (L-R) =           45          45
 Hij:
           2           2
 Hij:
           2           2
Total time [h:m:s.ms]:   0:00:00.072 :Enlarge blocks
  SuperBlock Length =           92
          Target_QN =   46.0000000  46.0000000
      Total         = 92.00000    
      Filling       = 1.000000    
      Filling/Norb  = 1.000000    
Total time [h:m:s.ms]:   0:00:00.006 :Get SB states
Enlarged Blocks dimensions           :         420         420
SuperBlock Dimension  (tot)          :       11594(      176400)   6.57256%
get H_sb:
Total time [h:m:s.ms]:   0:00:00.166 :Setup SuperBlock Direct
Total time [h:m:s.ms]:   0:00:00.166 :Done H_sb
Total time [h:m:s.ms]:   0:00:01.071 :Diag H_sb
Total time [h:m:s.ms]:   0:00:00.054 :Get Rho, U->Renormalize, Setup New Basis
Truncating                           :           T                       T
Truncation Dim                       :         101                     101
Truncation Errors                    :   1.171954000622755E-06   1.171954000511732E-06
Energies/N                           :      -1.251615210203362      -1.249100745641864
Total time [h:m:s.ms]:   0:00:01.221 :dmrg_step
 
left; right=  46  46  |    [1;92m=[0m[1;92m=[0m[1;92m=[0m[1;92m=[0m[1;92m=[0m[1;92m=[0m[1;92m=[0m[1;92m=[0m[1;92m=[0m[1;92m=[0m[1;92m=[0m[1;92m=[0m[1;92m=[0m[1;92m=[0m[1;92m=[0m[1;92m=[0m[1;92m=[0m[1;92m=[0m[1;92m=[0m[1;92m=[0m[1;92m=[0m[1;92m=[0m[1;92m=[0m[1;92m=[0m[1;92m=[0m[1;92m=[0m[1;92m=[0m[1;92m=[0m[1;92m=[0m[1;92m=[0m[1;92m=[0m[1;92m=[0m[1;92m=[0m[1;92m=[0m[1;92m=[0m[1;92m=[0m[1;92m=[0m[1;92m=[0m[1;92m=[0m[1;92m=[0m[1;92m=[0m[1;92m=[0m[1;92m=[0m[1;92m=[0m[1;92m=[0m[1;92m=[0m[1;92m*[0m[1m|[0m[1;91m*[0m[1;91m-[0m[1;91m-[0m[1;91m-[0m[1;91m-[0m[1;91m-[0m[1;91m-[0m[1;91m-[0m[1;91m-[0m[1;91m-[0m[1;91m-[0m[1;91m-[0m[1;91m-[0m[1;91m-[0m[1;91m-[0m[1;91m-[0m[1;91m-[0m[1;91m-[0m[1;91m-[0m[1;91m-[0m[1;91m-[0m[1;91m-[0m[1;91m-[0m[1;91m-[0m[1;91m-[0m[1;91m-[0m[1;91m-[0m[1;91m-[0m[1;91m-[0m[1;91m-[0m[1;91m-[0m[1;91m-[0m[1;91m-[0m[1;91m-[0m[1;91m-[0m[1;91m-[0m[1;91m-[0m[1;91m-[0m[1;91m-[0m[1;91m-[0m[1;91m-[0m[1;91m-[0m[1;91m-[0m[1;91m-[0m[1;91m-[0m[1;91m-[0m[1;91m-[0m    |
Blocks Length (L-R) =           46          46
 Hij:
           2           2
 Hij:
           2           2
Total time [h:m:s.ms]:   0:00:00.066 :Enlarge blocks
  SuperBlock Length =           94
          Target_QN =   47.0000000  47.0000000
      Total         = 94.00000    
      Filling       = 1.000000    
      Filling/Norb  = 1.000000    
Total time [h:m:s.ms]:   0:00:00.005 :Get SB states
Enlarged Blocks dimensions           :         404         404
SuperBlock Dimension  (tot)          :       10620(      163216)   6.50672%
get H_sb:
Total time [h:m:s.ms]:   0:00:00.160 :Setup SuperBlock Direct
Total time [h:m:s.ms]:   0:00:00.160 :Done H_sb
Total time [h:m:s.ms]:   0:00:00.832 :Diag H_sb
Total time [h:m:s.ms]:   0:00:00.051 :Get Rho, U->Renormalize, Setup New Basis
Truncating                           :           T                       T
Truncation Dim                       :         105                     105
Truncation Errors                    :   1.705718783551191E-06   1.705718783773236E-06
Energies/N                           :      -1.251787411500589      -1.249338100375004
Total time [h:m:s.ms]:   0:00:00.971 :dmrg_step
 
left; right=  47  47  |   [1;92m=[0m[1;92m=[0m[1;92m=[0m[1;92m=[0m[1;92m=[0m[1;92m=[0m[1;92m=[0m[1;92m=[0m[1;92m=[0m[1;92m=[0m[1;92m=[0m[1;92m=[0m[1;92m=[0m[1;92m=[0m[1;92m=[0m[1;92m=[0m[1;92m=[0m[1;92m=[0m[1;92m=[0m[1;92m=[0m[1;92m=[0m[1;92m=[0m[1;92m=[0m[1;92m=[0m[1;92m=[0m[1;92m=[0m[1;92m=[0m[1;92m=[0m[1;92m=[0m[1;92m=[0m[1;92m=[0m[1;92m=[0m[1;92m=[0m[1;92m=[0m[1;92m=[0m[1;92m=[0m[1;92m=[0m[1;92m=[0m[1;92m=[0m[1;92m=[0m[1;92m=[0m[1;92m=[0m[1;92m=[0m[1;92m=[0m[1;92m=[0m[1;92m=[0m[1;92m=[0m[1;92m*[0m[1m|[0m[1;91m*[0m[1;91m-[0m[1;91m-[0m[1;91m-[0m[1;91m-[0m[1;91m-[0m[1;91m-[0m[1;91m-[0m[1;91m-[0m[1;91m-[0m[1;91m-[0m[1;91m-[0m[1;91m-[0m[1;91m-[0m[1;91m-[0m[1;91m-[0m[1;91m-[0m[1;91m-[0m[1;91m-[0m[1;91m-[0m[1;91m-[0m[1;91m-[0m[1;91m-[0m[1;91m-[0m[1;91m-[0m[1;91m-[0m[1;91m-[0m[1;91m-[0m[1;91m-[0m[1;91m-[0m[1;91m-[0m[1;91m-[0m[1;91m-[0m[1;91m-[0m[1;91m-[0m[1;91m-[0m[1;91m-[0m[1;91m-[0m[1;91m-[0m[1;91m-[0m[1;91m-[0m[1;91m-[0m[1;91m-[0m[1;91m-[0m[1;91m-[0m[1;91m-[0m[1;91m-[0m[1;91m-[0m   |
Blocks Length (L-R) =           47          47
 Hij:
           2           2
 Hij:
           2           2
Total time [h:m:s.ms]:   0:00:00.065 :Enlarge blocks
  SuperBlock Length =           96
          Target_QN =   48.0000000  48.0000000
      Total         = 96.00000    
      Filling       = 1.000000    
      Filling/Norb  = 1.000000    
Total time [h:m:s.ms]:   0:00:00.006 :Get SB states
Enlarged Blocks dimensions           :         420         420
SuperBlock Dimension  (tot)          :       11594(      176400)   6.57256%
get H_sb:
Total time [h:m:s.ms]:   0:00:00.166 :Setup SuperBlock Direct
Total time [h:m:s.ms]:   0:00:00.166 :Done H_sb
Total time [h:m:s.ms]:   0:00:00.893 :Diag H_sb
Total time [h:m:s.ms]:   0:00:00.055 :Get Rho, U->Renormalize, Setup New Basis
Truncating                           :           T                       T
Truncation Dim                       :         102                     102
Truncation Errors                    :   1.124509351302372E-06   1.124509351746461E-06
Energies/N                           :      -1.251784962673352      -1.249375508517855
Total time [h:m:s.ms]:   0:00:01.036 :dmrg_step
 
left; right=  48  48  |  [1;92m=[0m[1;92m=[0m[1;92m=[0m[1;92m=[0m[1;92m=[0m[1;92m=[0m[1;92m=[0m[1;92m=[0m[1;92m=[0m[1;92m=[0m[1;92m=[0m[1;92m=[0m[1;92m=[0m[1;92m=[0m[1;92m=[0m[1;92m=[0m[1;92m=[0m[1;92m=[0m[1;92m=[0m[1;92m=[0m[1;92m=[0m[1;92m=[0m[1;92m=[0m[1;92m=[0m[1;92m=[0m[1;92m=[0m[1;92m=[0m[1;92m=[0m[1;92m=[0m[1;92m=[0m[1;92m=[0m[1;92m=[0m[1;92m=[0m[1;92m=[0m[1;92m=[0m[1;92m=[0m[1;92m=[0m[1;92m=[0m[1;92m=[0m[1;92m=[0m[1;92m=[0m[1;92m=[0m[1;92m=[0m[1;92m=[0m[1;92m=[0m[1;92m=[0m[1;92m=[0m[1;92m=[0m[1;92m*[0m[1m|[0m[1;91m*[0m[1;91m-[0m[1;91m-[0m[1;91m-[0m[1;91m-[0m[1;91m-[0m[1;91m-[0m[1;91m-[0m[1;91m-[0m[1;91m-[0m[1;91m-[0m[1;91m-[0m[1;91m-[0m[1;91m-[0m[1;91m-[0m[1;91m-[0m[1;91m-[0m[1;91m-[0m[1;91m-[0m[1;91m-[0m[1;91m-[0m[1;91m-[0m[1;91m-[0m[1;91m-[0m[1;91m-[0m[1;91m-[0m[1;91m-[0m[1;91m-[0m[1;91m-[0m[1;91m-[0m[1;91m-[0m[1;91m-[0m[1;91m-[0m[1;91m-[0m[1;91m-[0m[1;91m-[0m[1;91m-[0m[1;91m-[0m[1;91m-[0m[1;91m-[0m[1;91m-[0m[1;91m-[0m[1;91m-[0m[1;91m-[0m[1;91m-[0m[1;91m-[0m[1;91m-[0m[1;91m-[0m[1;91m-[0m  |
Blocks Length (L-R) =           48          48
 Hij:
           2           2
 Hij:
           2           2
Total time [h:m:s.ms]:   0:00:00.068 :Enlarge blocks
  SuperBlock Length =           98
          Target_QN =   49.0000000  49.0000000
      Total         = 98.00000    
      Filling       = 1.000000    
      Filling/Norb  = 1.000000    
Total time [h:m:s.ms]:   0:00:00.005 :Get SB states
Enlarged Blocks dimensions           :         408         408
SuperBlock Dimension  (tot)          :       10654(      166464)   6.40018%
get H_sb:
Total time [h:m:s.ms]:   0:00:00.158 :Setup SuperBlock Direct
Total time [h:m:s.ms]:   0:00:00.158 :Done H_sb
Total time [h:m:s.ms]:   0:00:00.922 :Diag H_sb
Total time [h:m:s.ms]:   0:00:00.053 :Get Rho, U->Renormalize, Setup New Basis
Truncating                           :           T                       T
Truncation Dim                       :         105                     105
Truncation Errors                    :   1.701468974379949E-06   1.701468974379949E-06
Energies/N                           :      -1.251946757103437      -1.249597665161254
Total time [h:m:s.ms]:   0:00:01.064 :dmrg_step
 
left; right=  49  49  | [1;92m=[0m[1;92m=[0m[1;92m=[0m[1;92m=[0m[1;92m=[0m[1;92m=[0m[1;92m=[0m[1;92m=[0m[1;92m=[0m[1;92m=[0m[1;92m=[0m[1;92m=[0m[1;92m=[0m[1;92m=[0m[1;92m=[0m[1;92m=[0m[1;92m=[0m[1;92m=[0m[1;92m=[0m[1;92m=[0m[1;92m=[0m[1;92m=[0m[1;92m=[0m[1;92m=[0m[1;92m=[0m[1;92m=[0m[1;92m=[0m[1;92m=[0m[1;92m=[0m[1;92m=[0m[1;92m=[0m[1;92m=[0m[1;92m=[0m[1;92m=[0m[1;92m=[0m[1;92m=[0m[1;92m=[0m[1;92m=[0m[1;92m=[0m[1;92m=[0m[1;92m=[0m[1;92m=[0m[1;92m=[0m[1;92m=[0m[1;92m=[0m[1;92m=[0m[1;92m=[0m[1;92m=[0m[1;92m=[0m[1;92m*[0m[1m|[0m[1;91m*[0m[1;91m-[0m[1;91m-[0m[1;91m-[0m[1;91m-[0m[1;91m-[0m[1;91m-[0m[1;91m-[0m[1;91m-[0m[1;91m-[0m[1;91m-[0m[1;91m-[0m[1;91m-[0m[1;91m-[0m[1;91m-[0m[1;91m-[0m[1;91m-[0m[1;91m-[0m[1;91m-[0m[1;91m-[0m[1;91m-[0m[1;91m-[0m[1;91m-[0m[1;91m-[0m[1;91m-[0m[1;91m-[0m[1;91m-[0m[1;91m-[0m[1;91m-[0m[1;91m-[0m[1;91m-[0m[1;91m-[0m[1;91m-[0m[1;91m-[0m[1;91m-[0m[1;91m-[0m[1;91m-[0m[1;91m-[0m[1;91m-[0m[1;91m-[0m[1;91m-[0m[1;91m-[0m[1;91m-[0m[1;91m-[0m[1;91m-[0m[1;91m-[0m[1;91m-[0m[1;91m-[0m[1;91m-[0m[1;91m-[0m |
Blocks Length (L-R) =           49          49
 Hij:
           2           2
 Hij:
           2           2
Total time [h:m:s.ms]:   0:00:00.068 :Enlarge blocks
  SuperBlock Length =          100
          Target_QN =   50.0000000  50.0000000
      Total         = 100.0000    
      Filling       = 1.000000    
      Filling/Norb  = 1.000000    
Total time [h:m:s.ms]:   0:00:00.006 :Get SB states
Enlarged Blocks dimensions           :         420         420
SuperBlock Dimension  (tot)          :       11594(      176400)   6.57256%
get H_sb:
Total time [h:m:s.ms]:   0:00:00.167 :Setup SuperBlock Direct
Total time [h:m:s.ms]:   0:00:00.167 :Done H_sb
Total time [h:m:s.ms]:   0:00:00.913 :Diag H_sb
Total time [h:m:s.ms]:   0:00:00.056 :Get Rho, U->Renormalize, Setup New Basis
Truncating                           :           T                       T
Truncation Dim                       :         102                     102
Truncation Errors                    :   1.128222234858534E-06   1.128222234969556E-06
Energies/N                           :      -1.251940934071222      -1.249627684006754
Total time [h:m:s.ms]:   0:00:01.062 :dmrg_step
 
left; right=  50  50  |[1;92m=[0m[1;92m=[0m[1;92m=[0m[1;92m=[0m[1;92m=[0m[1;92m=[0m[1;92m=[0m[1;92m=[0m[1;92m=[0m[1;92m=[0m[1;92m=[0m[1;92m=[0m[1;92m=[0m[1;92m=[0m[1;92m=[0m[1;92m=[0m[1;92m=[0m[1;92m=[0m[1;92m=[0m[1;92m=[0m[1;92m=[0m[1;92m=[0m[1;92m=[0m[1;92m=[0m[1;92m=[0m[1;92m=[0m[1;92m=[0m[1;92m=[0m[1;92m=[0m[1;92m=[0m[1;92m=[0m[1;92m=[0m[1;92m=[0m[1;92m=[0m[1;92m=[0m[1;92m=[0m[1;92m=[0m[1;92m=[0m[1;92m=[0m[1;92m=[0m[1;92m=[0m[1;92m=[0m[1;92m=[0m[1;92m=[0m[1;92m=[0m[1;92m=[0m[1;92m=[0m[1;92m=[0m[1;92m=[0m[1;92m=[0m[1;92m*[0m[1m|[0m[1;91m*[0m[1;91m-[0m[1;91m-[0m[1;91m-[0m[1;91m-[0m[1;91m-[0m[1;91m-[0m[1;91m-[0m[1;91m-[0m[1;91m-[0m[1;91m-[0m[1;91m-[0m[1;91m-[0m[1;91m-[0m[1;91m-[0m[1;91m-[0m[1;91m-[0m[1;91m-[0m[1;91m-[0m[1;91m-[0m[1;91m-[0m[1;91m-[0m[1;91m-[0m[1;91m-[0m[1;91m-[0m[1;91m-[0m[1;91m-[0m[1;91m-[0m[1;91m-[0m[1;91m-[0m[1;91m-[0m[1;91m-[0m[1;91m-[0m[1;91m-[0m[1;91m-[0m[1;91m-[0m[1;91m-[0m[1;91m-[0m[1;91m-[0m[1;91m-[0m[1;91m-[0m[1;91m-[0m[1;91m-[0m[1;91m-[0m[1;91m-[0m[1;91m-[0m[1;91m-[0m[1;91m-[0m[1;91m-[0m[1;91m-[0m[1;91m-[0m|
Blocks Length (L-R) =           50          50
 Hij:
           2           2
 Hij:
           2           2
Total time [h:m:s.ms]:   0:00:00.065 :Enlarge blocks
  SuperBlock Length =          102
          Target_QN =   51.0000000  51.0000000
      Total         = 102.0000    
      Filling       = 1.000000    
      Filling/Norb  = 1.000000    
Total time [h:m:s.ms]:   0:00:00.005 :Get SB states
Enlarged Blocks dimensions           :         408         408
SuperBlock Dimension  (tot)          :       10654(      166464)   6.40018%
get H_sb:
Total time [h:m:s.ms]:   0:00:00.158 :Setup SuperBlock Direct
Total time [h:m:s.ms]:   0:00:00.158 :Done H_sb
Total time [h:m:s.ms]:   0:00:00.909 :Diag H_sb
Total time [h:m:s.ms]:   0:00:00.052 :Get Rho, U->Renormalize, Setup New Basis
Truncating                           :           T                       T
Truncation Dim                       :         105                     105
Truncation Errors                    :   1.696530428807463E-06   1.696530429473597E-06
Energies/N                           :      -1.252093431953661      -1.249836352264397
Total time [h:m:s.ms]:   0:00:01.046 :dmrg_step
